2025-04-21T00:01:33.4180505Z ##[section]Starting: pytest
2025-04-21T00:01:33.4317873Z ==============================================================================
2025-04-21T00:01:33.4318288Z Task         : Command line
2025-04-21T00:01:33.4318656Z Description  : Run a command line script using Bash on Linux and macOS and cmd.exe on Windows
2025-04-21T00:01:33.4319802Z Version      : 2.178.0
2025-04-21T00:01:33.4320046Z Author       : Microsoft Corporation
2025-04-21T00:01:33.4320404Z Help         : https://docs.microsoft.com/azure/devops/pipelines/tasks/utility/command-line
2025-04-21T00:01:33.4320811Z ==============================================================================
2025-04-21T00:01:34.2061256Z Generating script.
2025-04-21T00:01:34.2355092Z ========================== Starting Command Output ===========================
2025-04-21T00:01:34.2585413Z ##[command]"C:\Windows\system32\cmd.exe" /D /E:ON /V:OFF /S /C "CALL "E:\agents\agent-monitoring\_work\_temp\ef8705f4-8b77-44f3-878d-56a483e38127.cmd""
2025-04-21T00:01:46.3380299Z ============================= test session starts =============================
2025-04-21T00:01:46.3381164Z platform win32 -- Python 3.13.1, pytest-8.3.3, pluggy-1.5.0 -- C:\Python313\python.exe
2025-04-21T00:01:46.3381736Z cachedir: .pytest_cache
2025-04-21T00:01:46.3386858Z metadata: {'Python': '3.13.1', 'Platform': 'Windows-2019Server-10.0.17763-SP0', 'Packages': {'pytest': '8.3.3', 'pluggy': '1.5.0'}, 'Plugins': {'allure-pytest': '2.13.5', 'anyio': '4.6.2.post1', 'Faker': '30.4.0', 'azurepipelines': '1.0.5', 'metadata': '3.1.1', 'nunit': '1.0.7', 'repeat': '0.9.3', 'rerunfailures': '14.0', 'xdist': '3.6.1', 'typeguard': '4.3.0'}}
2025-04-21T00:01:46.3388092Z rootdir: E:\agents\agent-monitoring\_work\r41\a\Tests
2025-04-21T00:01:46.3388409Z configfile: pytest.ini
2025-04-21T00:01:46.3389191Z plugins: allure-pytest-2.13.5, anyio-4.6.2.post1, Faker-30.4.0, azurepipelines-1.0.5, metadata-3.1.1, nunit-1.0.7, repeat-0.9.3, rerunfailures-14.0, xdist-3.6.1, typeguard-4.3.0
2025-04-21T00:01:46.3389909Z created: 2/2 workers
2025-04-21T00:01:46.3439379Z ##[warning]invalid escape sequence '\('
2025-04-21T00:01:46.3447626Z 2 workers [145 items]
2025-04-21T00:01:46.3447776Z 
2025-04-21T00:01:46.3447969Z scheduling tests via LoadGroupScheduling
2025-04-21T00:01:46.3448658Z ##[warning]invalid escape sequence '\('
2025-04-21T00:01:46.3450165Z ##[warning]Using extra keyword arguments on `Field` is deprecated and will be removed. Use `json_schema_extra` instead. (Extra keys: 'read_only'). Deprecated in Pydantic V2.0 to be removed in V3.0. See Pydantic V2 Migration Guide at https://errors.pydantic.dev/2.9/migration/
2025-04-21T00:01:46.3451954Z ##[warning]Using extra keyword arguments on `Field` is deprecated and will be removed. Use `json_schema_extra` instead. (Extra keys: 'read_only'). Deprecated in Pydantic V2.0 to be removed in V3.0. See Pydantic V2 Migration Guide at https://errors.pydantic.dev/2.9/migration/
2025-04-21T00:01:46.3453728Z ##[warning]Using extra keyword arguments on `Field` is deprecated and will be removed. Use `json_schema_extra` instead. (Extra keys: 'read_only'). Deprecated in Pydantic V2.0 to be removed in V3.0. See Pydantic V2 Migration Guide at https://errors.pydantic.dev/2.9/migration/
2025-04-21T00:01:46.3456257Z ##[warning]Using extra keyword arguments on `Field` is deprecated and will be removed. Use `json_schema_extra` instead. (Extra keys: 'read_only'). Deprecated in Pydantic V2.0 to be removed in V3.0. See Pydantic V2 Migration Guide at https://errors.pydantic.dev/2.9/migration/
2025-04-21T00:01:46.3458963Z ##[warning]Using extra keyword arguments on `Field` is deprecated and will be removed. Use `json_schema_extra` instead. (Extra keys: 'read_only'). Deprecated in Pydantic V2.0 to be removed in V3.0. See Pydantic V2 Migration Guide at https://errors.pydantic.dev/2.9/migration/
2025-04-21T00:01:46.3461062Z ##[warning]Using extra keyword arguments on `Field` is deprecated and will be removed. Use `json_schema_extra` instead. (Extra keys: 'read_only'). Deprecated in Pydantic V2.0 to be removed in V3.0. See Pydantic V2 Migration Guide at https://errors.pydantic.dev/2.9/migration/
2025-04-21T00:01:46.3464749Z ##[warning]Using extra keyword arguments on `Field` is deprecated and will be removed. Use `json_schema_extra` instead. (Extra keys: 'read_only'). Deprecated in Pydantic V2.0 to be removed in V3.0. See Pydantic V2 Migration Guide at https://errors.pydantic.dev/2.9/migration/
2025-04-21T00:01:46.3466712Z ##[warning]Using extra keyword arguments on `Field` is deprecated and will be removed. Use `json_schema_extra` instead. (Extra keys: 'read_only'). Deprecated in Pydantic V2.0 to be removed in V3.0. See Pydantic V2 Migration Guide at https://errors.pydantic.dev/2.9/migration/
2025-04-21T00:01:46.3468513Z ##[warning]Using extra keyword arguments on `Field` is deprecated and will be removed. Use `json_schema_extra` instead. (Extra keys: 'read_only'). Deprecated in Pydantic V2.0 to be removed in V3.0. See Pydantic V2 Migration Guide at https://errors.pydantic.dev/2.9/migration/
2025-04-21T00:01:46.3470293Z ##[warning]Using extra keyword arguments on `Field` is deprecated and will be removed. Use `json_schema_extra` instead. (Extra keys: 'read_only'). Deprecated in Pydantic V2.0 to be removed in V3.0. See Pydantic V2 Migration Guide at https://errors.pydantic.dev/2.9/migration/
2025-04-21T00:01:46.3472306Z ##[warning]Using extra keyword arguments on `Field` is deprecated and will be removed. Use `json_schema_extra` instead. (Extra keys: 'read_only'). Deprecated in Pydantic V2.0 to be removed in V3.0. See Pydantic V2 Migration Guide at https://errors.pydantic.dev/2.9/migration/
2025-04-21T00:01:46.3474287Z ##[warning]Using extra keyword arguments on `Field` is deprecated and will be removed. Use `json_schema_extra` instead. (Extra keys: 'read_only'). Deprecated in Pydantic V2.0 to be removed in V3.0. See Pydantic V2 Migration Guide at https://errors.pydantic.dev/2.9/migration/
2025-04-21T00:01:46.3476098Z ##[warning]Using extra keyword arguments on `Field` is deprecated and will be removed. Use `json_schema_extra` instead. (Extra keys: 'read_only'). Deprecated in Pydantic V2.0 to be removed in V3.0. See Pydantic V2 Migration Guide at https://errors.pydantic.dev/2.9/migration/
2025-04-21T00:01:46.3477886Z ##[warning]Using extra keyword arguments on `Field` is deprecated and will be removed. Use `json_schema_extra` instead. (Extra keys: 'read_only'). Deprecated in Pydantic V2.0 to be removed in V3.0. See Pydantic V2 Migration Guide at https://errors.pydantic.dev/2.9/migration/
2025-04-21T00:01:46.3479460Z ##[warning]Support for class-based `config` is deprecated, use ConfigDict instead. Deprecated in Pydantic V2.0 to be removed in V3.0. See Pydantic V2 Migration Guide at https://errors.pydantic.dev/2.9/migration/
2025-04-21T00:01:46.3480932Z ##[warning]Support for class-based `config` is deprecated, use ConfigDict instead. Deprecated in Pydantic V2.0 to be removed in V3.0. See Pydantic V2 Migration Guide at https://errors.pydantic.dev/2.9/migration/
2025-04-21T00:01:46.3481611Z 
2025-04-21T00:01:46.3481963Z tests/test_OneCRM/test_24494_24505_25654_24508_working_with_an_object.py::test_24494_24505_25654_24508_working_with_an_object@crm 
2025-04-21T00:03:29.1017385Z tests/test_create_orders/test_create_orders_from_cart_open/test_23950_cart_materials_pickup_incomplete_set.py::test_23950_creation_kp[003L0144  10]@open 
2025-04-21T00:03:29.1056125Z [gw0] RERUN tests/test_OneCRM/test_24494_24505_25654_24508_working_with_an_object.py::test_24494_24505_25654_24508_working_with_an_object@crm 
2025-04-21T00:04:17.0249734Z tests/test_OneCRM/test_24494_24505_25654_24508_working_with_an_object.py::test_24494_24505_25654_24508_working_with_an_object@crm 
2025-04-21T00:04:17.0255877Z [gw1] RERUN tests/test_create_orders/test_create_orders_from_cart_open/test_23950_cart_materials_pickup_incomplete_set.py::test_23950_creation_kp[003L0144  10]@open 
2025-04-21T00:04:44.0110975Z tests/test_create_orders/test_create_orders_from_cart_open/test_23950_cart_materials_pickup_incomplete_set.py::test_23950_creation_kp[003L0144  10]@open 
2025-04-21T00:04:44.0280036Z [gw0] FAILED tests/test_OneCRM/test_24494_24505_25654_24508_working_with_an_object.py::test_24494_24505_25654_24508_working_with_an_object@crm 
2025-04-21T00:06:32.2523187Z tests/test_OneCRM/test_43646_checking_correctness_of_position_amount_calculation_in_crm.py::test_43646_checking_correctness_of_position_amount_calculation_in_crm[\u0422\u041f-065N0750GR 003L0125R 003L0144R]@crm 
2025-04-21T00:06:32.2561398Z [gw0] PASSED tests/test_OneCRM/test_43646_checking_correctness_of_position_amount_calculation_in_crm.py::test_43646_checking_correctness_of_position_amount_calculation_in_crm[\u0422\u041f-065N0750GR 003L0125R 003L0144R]@crm 
2025-04-21T00:07:17.6625235Z tests/test_OneCRM/test_43646_checking_correctness_of_position_amount_calculation_in_crm.py::test_43646_checking_correctness_of_position_amount_calculation_in_crm[\u041f\u0427-065N0750GR 003L0125R 003L0144R]@crm 
2025-04-21T00:07:17.6665007Z [gw0] PASSED tests/test_OneCRM/test_43646_checking_correctness_of_position_amount_calculation_in_crm.py::test_43646_checking_correctness_of_position_amount_calculation_in_crm[\u041f\u0427-065N0750GR 003L0125R 003L0144R]@crm 
2025-04-21T00:08:03.2963900Z tests/test_OneCRM/test_43646_checking_correctness_of_position_amount_calculation_in_crm.py::test_43646_checking_correctness_of_position_amount_calculation_in_crm[\u041a\u0421\u041e \u041d-065N0750GR 003L0125R 003L0144R]@crm 
2025-04-21T00:08:03.3009175Z [gw0] PASSED tests/test_OneCRM/test_43646_checking_correctness_of_position_amount_calculation_in_crm.py::test_43646_checking_correctness_of_position_amount_calculation_in_crm[\u041a\u0421\u041e \u041d-065N0750GR 003L0125R 003L0144R]@crm 
2025-04-21T00:08:49.1454860Z tests/test_OneCRM/test_43646_checking_correctness_of_position_amount_calculation_in_crm.py::test_43646_checking_correctness_of_position_amount_calculation_in_crm[\u041a\u0421\u041e \u0412-065N0750GR 003L0125R 003L0144R]@crm 
2025-04-21T00:08:49.1492182Z [gw0] PASSED tests/test_OneCRM/test_43646_checking_correctness_of_position_amount_calculation_in_crm.py::test_43646_checking_correctness_of_position_amount_calculation_in_crm[\u041a\u0421\u041e \u0412-065N0750GR 003L0125R 003L0144R]@crm 
2025-04-21T00:09:36.5237165Z tests/test_OneCRM/test_43646_checking_correctness_of_position_amount_calculation_in_crm.py::test_43646_checking_correctness_of_position_amount_calculation_in_crm[\u0410\u0422\u041c-065N0750GR 003L0125R 003L0144R]@crm 
2025-04-21T00:09:36.5274766Z [gw0] PASSED tests/test_OneCRM/test_43646_checking_correctness_of_position_amount_calculation_in_crm.py::test_43646_checking_correctness_of_position_amount_calculation_in_crm[\u0410\u0422\u041c-065N0750GR 003L0125R 003L0144R]@crm 
2025-04-21T00:09:41.4698151Z tests/test_OneCRM/test_43646_checking_correctness_of_position_amount_calculation_in_crm.py::test_43646_checking_correctness_of_position_amount_calculation_in_crm[\u041a\u043e\u0442-065N0750GR 003L0125R 003L0144R]@crm 
2025-04-21T00:09:41.4783428Z [gw1] PASSED tests/test_create_orders/test_create_orders_from_cart_open/test_23950_cart_materials_pickup_incomplete_set.py::test_23950_creation_kp[003L0144  10]@open 
2025-04-21T00:10:22.4689394Z tests/test_create_orders/test_create_orders_from_cart_open/test_26278_order_basket_materials_pto.py::test_26278_creation_kp_material_pto[065B8307R 10 w488900 2]@open 
2025-04-21T00:10:22.4731290Z [gw0] PASSED tests/test_OneCRM/test_43646_checking_correctness_of_position_amount_calculation_in_crm.py::test_43646_checking_correctness_of_position_amount_calculation_in_crm[\u041a\u043e\u0442-065N0750GR 003L0125R 003L0144R]@crm 
2025-04-21T00:11:08.3743595Z tests/test_OneCRM/test_43646_checking_correctness_of_position_amount_calculation_in_crm.py::test_43646_checking_correctness_of_position_amount_calculation_in_crm[\u0422\u0435\u0445-065N0750GR 003L0125R 003L0144R]@crm 
2025-04-21T00:11:08.3780859Z [gw0] PASSED tests/test_OneCRM/test_43646_checking_correctness_of_position_amount_calculation_in_crm.py::test_43646_checking_correctness_of_position_amount_calculation_in_crm[\u0422\u0435\u0445-065N0750GR 003L0125R 003L0144R]@crm 
2025-04-21T00:11:54.9573806Z tests/test_OneCRM/test_43646_checking_correctness_of_position_amount_calculation_in_crm.py::test_43646_checking_correctness_of_position_amount_calculation_in_crm[\u0412\u0438\u041a-065N0750GR 003L0125R 003L0144R]@crm 
2025-04-21T00:11:54.9617968Z [gw0] PASSED tests/test_OneCRM/test_43646_checking_correctness_of_position_amount_calculation_in_crm.py::test_43646_checking_correctness_of_position_amount_calculation_in_crm[\u0412\u0438\u041a-065N0750GR 003L0125R 003L0144R]@crm 
2025-04-21T00:12:41.1826081Z tests/test_OneCRM/test_43646_checking_correctness_of_position_amount_calculation_in_crm.py::test_43646_checking_correctness_of_position_amount_calculation_in_crm[\u0423\u0420\u0424-065N0750GR 003L0125R 003L0144R]@crm 
2025-04-21T00:12:41.1866372Z [gw0] PASSED tests/test_OneCRM/test_43646_checking_correctness_of_position_amount_calculation_in_crm.py::test_43646_checking_correctness_of_position_amount_calculation_in_crm[\u0423\u0420\u0424-065N0750GR 003L0125R 003L0144R]@crm 
2025-04-21T00:13:19.5313196Z tests/test_OneCRM/test_43646_checking_correctness_of_position_amount_calculation_in_crm.py::test_43646_checking_correctness_of_position_amount_calculation_in_crm[\u0425\u0426\u041a-065N0750GR 003L0125R 003L0144R]@crm 
2025-04-21T00:13:19.5404741Z [gw1] PASSED tests/test_create_orders/test_create_orders_from_cart_open/test_26278_order_basket_materials_pto.py::test_26278_creation_kp_material_pto[065B8307R 10 w488900 2]@open 
2025-04-21T00:13:33.3087901Z tests/test_create_orders/test_create_orders_from_cart_open/test_26328_order_basket_pto_pickup.py::test_26328_creation_kp_pto_pickup[w488900 2]@open 
2025-04-21T00:13:33.3132870Z [gw0] PASSED tests/test_OneCRM/test_43646_checking_correctness_of_position_amount_calculation_in_crm.py::test_43646_checking_correctness_of_position_amount_calculation_in_crm[\u0425\u0426\u041a-065N0750GR 003L0125R 003L0144R]@crm 
2025-04-21T00:14:19.7784578Z tests/test_OneCRM/test_43646_checking_correctness_of_position_amount_calculation_in_crm.py::test_43646_checking_correctness_of_position_amount_calculation_in_crm[\u0425\u041c-065N0750GR 003L0125R 003L0144R]@crm 
2025-04-21T00:14:19.7822262Z [gw0] PASSED tests/test_OneCRM/test_43646_checking_correctness_of_position_amount_calculation_in_crm.py::test_43646_checking_correctness_of_position_amount_calculation_in_crm[\u0425\u041c-065N0750GR 003L0125R 003L0144R]@crm 
2025-04-21T00:14:52.8599035Z tests/test_OneCRM/test_43646_checking_correctness_of_position_amount_calculation_in_crm.py::test_43646_checking_correctness_of_position_amount_calculation_in_crm[\u0422\u0412\u0423-065N0750GR 003L0125R 003L0144R]@crm 
2025-04-21T00:14:52.8708365Z [gw1] PASSED tests/test_create_orders/test_create_orders_from_cart_open/test_26328_order_basket_pto_pickup.py::test_26328_creation_kp_pto_pickup[w488900 2]@open 
2025-04-21T00:15:05.5676294Z tests/test_create_orders/test_create_orders_from_cart_open/test_26446_order_basket_ZIP_pickup.py::test_creation_kp_zip[w488900 1]@open 
2025-04-21T00:15:05.5683807Z [gw0] PASSED tests/test_OneCRM/test_43646_checking_correctness_of_position_amount_calculation_in_crm.py::test_43646_checking_correctness_of_position_amount_calculation_in_crm[\u0422\u0412\u0423-065N0750GR 003L0125R 003L0144R]@crm 
2025-04-21T00:15:52.2695711Z tests/test_OneCRM/test_43646_checking_correctness_of_position_amount_calculation_in_crm.py::test_43646_checking_correctness_of_position_amount_calculation_in_crm[\u0421\u041e \u0416-065N0750GR 003L0125R 003L0144R]@crm 
2025-04-21T00:15:52.2735156Z [gw0] PASSED tests/test_OneCRM/test_43646_checking_correctness_of_position_amount_calculation_in_crm.py::test_43646_checking_correctness_of_position_amount_calculation_in_crm[\u0421\u041e \u0416-065N0750GR 003L0125R 003L0144R]@crm 
2025-04-21T00:17:56.4185623Z tests/test_OneCRM/test_48443_creation_of_a_cp_subject_to_update_with_saving_of_changes_update_offer_check.py::test_48443_creation_of_a_cp_subject_to_update_with_saving_of_changes_update_offer_check[003L0391R 1 w488900 1 089N3104 1-w452192 2 TDU1009575 2 Q0404240004-1 2 150U5605 2]@crm 
2025-04-21T00:17:56.4335289Z [gw1] PASSED tests/test_create_orders/test_create_orders_from_cart_open/test_26446_order_basket_ZIP_pickup.py::test_creation_kp_zip[w488900 1]@open 
2025-04-21T00:18:09.5730210Z tests/test_create_orders/test_create_orders_from_cart_open/test_26455_order_basket_pto_credit_surcharges_delivery_to_the_address.py::test_26455_creation_kp_pto_credit_delivery[\u041f\u0440\u0435\u0434\u043e\u043f\u043b\u0430\u0442\u0430 50%, 60 \u0434\u043d\u0435\u0439 \u043a\u0440\u0435\u0434\u0438\u0442-w488900 3]@open 
2025-04-21T00:18:09.5812817Z [gw0] PASSED tests/test_OneCRM/test_48443_creation_of_a_cp_subject_to_update_with_saving_of_changes_update_offer_check.py::test_48443_creation_of_a_cp_subject_to_update_with_saving_of_changes_update_offer_check[003L0391R 1 w488900 1 089N3104 1-w452192 2 TDU1009575 2 Q0404240004-1 2 150U5605 2]@crm 
2025-04-21T00:19:47.4939209Z tests/test_OneCRM/test_48443_creation_of_a_cp_subject_to_update_with_saving_of_changes_update_offer_check.py::test_48443_creation_of_a_cp_subject_to_update_with_saving_of_changes_update_offer_check[TDU1009575 1 065B2931R 1 w488900 2-015P2019 2 160S0074R 2 BQ0404240005-2 2]@crm 
2025-04-21T00:19:47.5048221Z [gw0] PASSED tests/test_OneCRM/test_48443_creation_of_a_cp_subject_to_update_with_saving_of_changes_update_offer_check.py::test_48443_creation_of_a_cp_subject_to_update_with_saving_of_changes_update_offer_check[TDU1009575 1 065B2931R 1 w488900 2-015P2019 2 160S0074R 2 BQ0404240005-2 2]@crm 
2025-04-21T00:20:43.6311762Z tests/test_OneCRM/test_48447_creating_cp_and_checking_deletion_of_positions.py::test_48447_creating_cp_and_checking_deletion_of_positions[w488900 w203065797]@crm 
2025-04-21T00:20:43.6389048Z [gw1] PASSED tests/test_create_orders/test_create_orders_from_cart_open/test_26455_order_basket_pto_credit_surcharges_delivery_to_the_address.py::test_26455_creation_kp_pto_credit_delivery[\u041f\u0440\u0435\u0434\u043e\u043f\u043b\u0430\u0442\u0430 50%, 60 \u0434\u043d\u0435\u0439 \u043a\u0440\u0435\u0434\u0438\u0442-w488900 3]@open 
2025-04-21T00:20:50.3425014Z tests/test_create_orders/test_create_orders_from_cart_open/test_26455_order_basket_pto_credit_surcharges_delivery_to_the_address.py::test_26455_creation_kp_pto_credit_delivery[\u041a\u0440\u0435\u0434\u0438\u0442 3 \u0434\u043d\u044f-w488900 3]@open 
2025-04-21T00:20:50.3470394Z [gw0] PASSED tests/test_OneCRM/test_48447_creating_cp_and_checking_deletion_of_positions.py::test_48447_creating_cp_and_checking_deletion_of_positions[w488900 w203065797]@crm 
2025-04-21T00:23:00.5797883Z tests/test_OneCRM/test_48766_occurrence_of_check_offer_check_when_sending_cp_for_approval.py::test_48766_occurrence_of_check_offer_check_when_sending_cp_for_approval[003L0391R 1 065N0750GR 1 w488900 1 TDU1009575 1 065B2931R 1]@crm 
2025-04-21T00:23:00.5924649Z [gw1] PASSED tests/test_create_orders/test_create_orders_from_cart_open/test_26455_order_basket_pto_credit_surcharges_delivery_to_the_address.py::test_26455_creation_kp_pto_credit_delivery[\u041a\u0440\u0435\u0434\u0438\u0442 3 \u0434\u043d\u044f-w488900 3]@open 
2025-04-21T00:24:06.4816269Z tests/test_create_orders/test_create_orders_from_cart_open/test_26463_order_basket_materials_pto_separate_delivery.py::test_26463_creation_kp_material_pto_delivery[065B8307R 10 w488900 1]@open 
2025-04-21T00:24:06.4885524Z [gw0] PASSED tests/test_OneCRM/test_48766_occurrence_of_check_offer_check_when_sending_cp_for_approval.py::test_48766_occurrence_of_check_offer_check_when_sending_cp_for_approval[003L0391R 1 065N0750GR 1 w488900 1 TDU1009575 1 065B2931R 1]@crm 
2025-04-21T00:25:50.1873519Z tests/test_OneCRM/test_49223_checking_of_different_types_of_approvals_in_cp_on_tp.py::test_49223_checking_of_different_types_of_approvals_in_cp_on_tp[003L0391R w488900 TDU1009575 065B2931R Q0404240004-1 015P2019  150U3632  BQ0404240005-2 140F1245R 19808236R 088U0625R 89846026R 023U7251R 021B8730R 148B1100R  16065R 005U1314 042U001531R 060-121766R]@crm 
2025-04-21T00:25:50.1965251Z [gw1] PASSED tests/test_create_orders/test_create_orders_from_cart_open/test_26463_order_basket_materials_pto_separate_delivery.py::test_26463_creation_kp_material_pto_delivery[065B8307R 10 w488900 1]@open 
2025-04-21T00:27:00.8471935Z tests/test_create_orders/test_create_orders_from_cart_open/test_27421_order_cancellation_tickets_uploading_documents_not_invoices.py::test_27421_order_cancellation_tickets_uploading_documents_not_invoices[w488900 2]@open 
2025-04-21T00:27:00.8520789Z [gw1] PASSED tests/test_create_orders/test_create_orders_from_cart_open/test_27421_order_cancellation_tickets_uploading_documents_not_invoices.py::test_27421_order_cancellation_tickets_uploading_documents_not_invoices[w488900 2]@open 
2025-04-21T00:27:00.8537976Z tests/test_create_orders/test_create_orders_from_cart_open/test_27636_basket_materials_order_of_indirect_customer_dol.py::test_27636_basket_materials_order_of_indirect_customer_dol[065B8210R 10 015P1001 3]@open 
2025-04-21T00:27:00.8559041Z [gw1] SKIPPED tests/test_create_orders/test_create_orders_from_cart_open/test_27636_basket_materials_order_of_indirect_customer_dol.py::test_27636_basket_materials_order_of_indirect_customer_dol[065B8210R 10 015P1001 3]@open 
2025-04-21T00:27:00.8567249Z tests/test_create_orders/test_create_orders_from_cart_open/test_40937_cart_bom_pickup.py::test_40937_cart_bom_pickup[013G7222R 7000]@open 
2025-04-21T00:27:00.8590586Z [gw1] SKIPPED tests/test_create_orders/test_create_orders_from_cart_open/test_40937_cart_bom_pickup.py::test_40937_cart_bom_pickup[013G7222R 7000]@open 
2025-04-21T00:27:31.6015127Z tests/test_create_orders/test_create_orders_from_cart_open/test_43343_search_for_a_design_catch_from_open_on_object_page_checking_pq_binding_to_object.py::test_43343_search_for_a_design_catch_from_open_on_object_page_checking_pq_binding_to_object[065B8207R 10 003L0143 25]@open 
2025-04-21T00:27:31.6097774Z [gw0] PASSED tests/test_OneCRM/test_49223_checking_of_different_types_of_approvals_in_cp_on_tp.py::test_49223_checking_of_different_types_of_approvals_in_cp_on_tp[003L0391R w488900 TDU1009575 065B2931R Q0404240004-1 015P2019  150U3632  BQ0404240005-2 140F1245R 19808236R 088U0625R 89846026R 023U7251R 021B8730R 148B1100R  16065R 005U1314 042U001531R 060-121766R]@crm 
2025-04-21T00:28:35.2666711Z tests/test_OneCRM/test_50786_margin_reconciliation_appears_after_cost_price_update.py::test_50786_margin_reconciliation_appears_after_cost_price_update[003L0144R 003L0146R]@crm 
2025-04-21T00:28:35.2948742Z ##[warning]Unverified HTTPS request is being made to host 'ruecom-intru-tst.ridancorp.net'. Adding certificate verification is strongly advised. See: https://urllib3.readthedocs.io/en/latest/advanced-usage.html#tls-warnings
2025-04-21T00:28:35.2951298Z 
2025-04-21T00:28:41.4316348Z tests/test_OneCRM/test_50824_creation_of_cp_with_secure_settlement_for_settlement_owner.py::test_50824_creation_of_cp_with_secure_settlement_for_settlement_owner[w204010133]@crm 
2025-04-21T00:28:41.4335023Z [gw1] RERUN tests/test_create_orders/test_create_orders_from_cart_open/test_43343_search_for_a_design_catch_from_open_on_object_page_checking_pq_binding_to_object.py::test_43343_search_for_a_design_catch_from_open_on_object_page_checking_pq_binding_to_object[065B8207R 10 003L0143 25]@open 
2025-04-21T00:30:02.6703094Z tests/test_create_orders/test_create_orders_from_cart_open/test_43343_search_for_a_design_catch_from_open_on_object_page_checking_pq_binding_to_object.py::test_43343_search_for_a_design_catch_from_open_on_object_page_checking_pq_binding_to_object[065B8207R 10 003L0143 25]@open 
2025-04-21T00:30:02.6737280Z ##[warning]Unverified HTTPS request is being made to host 'ruecom-intru-tst.ridancorp.net'. Adding certificate verification is strongly advised. See: https://urllib3.readthedocs.io/en/latest/advanced-usage.html#tls-warnings
2025-04-21T00:30:02.6739496Z 
2025-04-21T00:30:17.0183302Z tests/test_create_orders/test_create_orders_from_cart_open/test_26533_cart_materials_creating_a_design_condition_in_open_paid_delivery.py::test_26533_cart_materials_creating_a_design_condition_in_open[065B3050 10  003L0143 25]@crm 
2025-04-21T00:30:17.0212388Z [gw1] FAILED tests/test_create_orders/test_create_orders_from_cart_open/test_43343_search_for_a_design_catch_from_open_on_object_page_checking_pq_binding_to_object.py::test_43343_search_for_a_design_catch_from_open_on_object_page_checking_pq_binding_to_object[065B8207R 10 003L0143 25]@open 
2025-04-21T00:30:51.6670305Z tests/test_open_only/test_50447_adding_non_existent_item_to_cart.py::test_50447_adding_non_existent_item_to_cart[003G1014R001 003G1014R-123456-k.tertyshnyi@vodokomfort.ru-https://ruecom-open-tst1.ridancorp.net]@open 
2025-04-21T00:30:51.6712853Z [gw1] PASSED tests/test_open_only/test_50447_adding_non_existent_item_to_cart.py::test_50447_adding_non_existent_item_to_cart[003G1014R001 003G1014R-123456-k.tertyshnyi@vodokomfort.ru-https://ruecom-open-tst1.ridancorp.net]@open 
2025-04-21T00:31:22.6370250Z tests/tests_rol/test_rol_from_open/test_43782_checking_distributor_selection_on_map_not_linked_logged_in_authorized_user_legal_entity.py::test_43782_checking_distributor_selection_on_map_not_linked_logged_in_authorized_user_legal_entity[003Z1801R 003G1014R 082H0212R 087H374983R 065Z0405R 187F1946PR 087H358001R 087H358001R 187F0591R 065N9506GR 082H0222R]@open 
2025-04-21T00:31:22.6393754Z [gw1] XFAIL tests/tests_rol/test_rol_from_open/test_43782_checking_distributor_selection_on_map_not_linked_logged_in_authorized_user_legal_entity.py::test_43782_checking_distributor_selection_on_map_not_linked_logged_in_authorized_user_legal_entity[003Z1801R 003G1014R 082H0212R 087H374983R 065Z0405R 187F1946PR 087H358001R 087H358001R 187F0591R 065N9506GR 082H0222R]@open 
2025-04-21T00:31:44.5366882Z tests/test_open_only/test_prod_smoke.py::test_cancel_order@2 
2025-04-21T00:31:44.5398547Z [gw0] RERUN tests/test_create_orders/test_create_orders_from_cart_open/test_26533_cart_materials_creating_a_design_condition_in_open_paid_delivery.py::test_26533_cart_materials_creating_a_design_condition_in_open[065B3050 10  003L0143 25]@crm 
2025-04-21T00:32:04.8182542Z tests/test_create_orders/test_create_orders_from_cart_open/test_26533_cart_materials_creating_a_design_condition_in_open_paid_delivery.py::test_26533_cart_materials_creating_a_design_condition_in_open[065B3050 10  003L0143 25]@crm 
2025-04-21T00:32:04.8213940Z [gw1] PASSED tests/test_open_only/test_prod_smoke.py::test_cancel_order@2 
2025-04-21T00:32:57.3771825Z tests/test_open_only/test_prod_smoke.py::test_two_stage_mixed_gws2_prod@2 
2025-04-21T00:32:57.3812825Z [gw1] PASSED tests/test_open_only/test_prod_smoke.py::test_two_stage_mixed_gws2_prod@2 
2025-04-21T00:33:26.5708029Z tests/test_open_only/test_prod_smoke.py::test_pto_configurator_standard_calculation_prod_environment@2 
2025-04-21T00:33:26.5749255Z [gw0] FAILED tests/test_create_orders/test_create_orders_from_cart_open/test_26533_cart_materials_creating_a_design_condition_in_open_paid_delivery.py::test_26533_cart_materials_creating_a_design_condition_in_open[065B3050 10  003L0143 25]@crm 
2025-04-21T00:33:31.9055641Z tests/test_create_orders/test_create_orders_from_cart_open/test_26633_pto_cart_creating_a_design_condition_in_open.py::test_26633_pto_cart_creating_a_design_condition_in_open[w488900 5 878139 4]@crm 
2025-04-21T00:33:31.9104255Z [gw1] PASSED tests/test_open_only/test_prod_smoke.py::test_pto_configurator_standard_calculation_prod_environment@2 
2025-04-21T00:34:21.3079663Z tests/test_open_only/test_prod_smoke.py::test_formation_of_a_questionnaire_from_a_standard_calculation_pto_prod@2 
2025-04-21T00:34:21.3121696Z [gw1] PASSED tests/test_open_only/test_prod_smoke.py::test_formation_of_a_questionnaire_from_a_standard_calculation_pto_prod@2 
2025-04-21T00:34:44.6123258Z tests/test_open_only/test_prod_smoke.py::test_free_objects@2 
2025-04-21T00:34:44.6146131Z [gw1] PASSED tests/test_open_only/test_prod_smoke.py::test_free_objects@2 
2025-04-21T00:34:44.6163199Z tests/test_open_only/test_prod_smoke.py::test_shipments@2 
2025-04-21T00:34:44.6173715Z [gw1] SKIPPED tests/test_open_only/test_prod_smoke.py::test_shipments@2 
2025-04-21T00:35:05.1171563Z tests/test_open_only/test_prod_smoke.py::test_32836_checking_series_cards@2 
2025-04-21T00:35:05.1199345Z [gw0] RERUN tests/test_create_orders/test_create_orders_from_cart_open/test_26633_pto_cart_creating_a_design_condition_in_open.py::test_26633_pto_cart_creating_a_design_condition_in_open[w488900 5 878139 4]@crm 
2025-04-21T00:35:07.2419729Z tests/test_create_orders/test_create_orders_from_cart_open/test_26633_pto_cart_creating_a_design_condition_in_open.py::test_26633_pto_cart_creating_a_design_condition_in_open[w488900 5 878139 4]@crm 
2025-04-21T00:35:07.2446968Z [gw1] PASSED tests/test_open_only/test_prod_smoke.py::test_32836_checking_series_cards@2 
2025-04-21T00:35:38.1799739Z tests/test_open_only/test_prod_smoke.py::test_32837_checking_the_product_card[003L0145R]@2 
2025-04-21T00:35:38.1824209Z [gw1] PASSED tests/test_open_only/test_prod_smoke.py::test_32837_checking_the_product_card[003L0145R]@2 
2025-04-21T00:36:44.4644295Z tests/test_open_only/test_prod_smoke.py::test_40198_selection_bhu@2 
2025-04-21T00:36:44.4704059Z [gw1] PASSED tests/test_open_only/test_prod_smoke.py::test_40198_selection_bhu@2 
2025-04-21T00:36:47.3969513Z tests/test_open_only/test_prod_smoke.py::test_39753_selection_of_analogue_ridan_equipment_by_name_prod[R1dan2024-elka-ff@yandex.ru-\u041a\u041b\u0410\u041f\u0410\u041d \u0411\u0410\u041b\u0410\u041d\u0421\u0418\u0420\u041e\u0412\u041e\u0427\u041d\u042b\u0419 \u0414\u042315-https://ridan.ru]@2 
2025-04-21T00:36:47.4007915Z [gw0] FAILED tests/test_create_orders/test_create_orders_from_cart_open/test_26633_pto_cart_creating_a_design_condition_in_open.py::test_26633_pto_cart_creating_a_design_condition_in_open[w488900 5 878139 4]@crm 
2025-04-21T00:37:30.6454547Z tests/test_create_orders/test_create_orders_from_cart_open/test_26668__basket_creation_of_kp_ridan_pto_delivery_to_specified_address.py::test_26668_basket_creation_of_kp_ridan_pto_delivery_to_specified_address[w488900 3]@crm 
2025-04-21T00:37:30.6495095Z [gw1] PASSED tests/test_open_only/test_prod_smoke.py::test_39753_selection_of_analogue_ridan_equipment_by_name_prod[R1dan2024-elka-ff@yandex.ru-\u041a\u041b\u0410\u041f\u0410\u041d \u0411\u0410\u041b\u0410\u041d\u0421\u0418\u0420\u041e\u0412\u041e\u0427\u041d\u042b\u0419 \u0414\u042315-https://ridan.ru]@2 
2025-04-21T00:37:58.1087642Z tests/test_open_only/test_prod_smoke.py::test_39752_selection_of_analogue_ridan_equipment_by_article_number_prod[R1dan2024-elka-ff@yandex.ru-013G7090-https://ridan.ru]@2 
2025-04-21T00:37:58.1117877Z [gw1] PASSED tests/test_open_only/test_prod_smoke.py::test_39752_selection_of_analogue_ridan_equipment_by_article_number_prod[R1dan2024-elka-ff@yandex.ru-013G7090-https://ridan.ru]@2 
2025-04-21T00:39:23.0434785Z tests/test_open_only/test_prod_smoke.py::test_creation_kp@1 
2025-04-21T00:39:23.0473453Z [gw0] RERUN tests/test_create_orders/test_create_orders_from_cart_open/test_26668__basket_creation_of_kp_ridan_pto_delivery_to_specified_address.py::test_26668_basket_creation_of_kp_ridan_pto_delivery_to_specified_address[w488900 3]@crm 
2025-04-21T00:39:55.6791639Z tests/test_create_orders/test_create_orders_from_cart_open/test_26668__basket_creation_of_kp_ridan_pto_delivery_to_specified_address.py::test_26668_basket_creation_of_kp_ridan_pto_delivery_to_specified_address[w488900 3]@crm 
2025-04-21T00:39:55.6876192Z [gw1] PASSED tests/test_open_only/test_prod_smoke.py::test_creation_kp@1 
2025-04-21T00:40:27.9028818Z tests/test_open_only/test_prod_smoke.py::test_order_page@1 
2025-04-21T00:40:27.9056427Z [gw1] PASSED tests/test_open_only/test_prod_smoke.py::test_order_page@1 
2025-04-21T00:40:52.4522512Z tests/test_open_only/test_prod_smoke.py::test_design_conditions@1 
2025-04-21T00:40:52.4545607Z [gw1] PASSED tests/test_open_only/test_prod_smoke.py::test_design_conditions@1 
2025-04-21T00:41:19.3068938Z tests/test_open_only/test_prod_smoke.py::test_shipments_in_stock@1 
2025-04-21T00:41:19.3089254Z [gw1] PASSED tests/test_open_only/test_prod_smoke.py::test_shipments_in_stock@1 
2025-04-21T00:41:40.9504949Z tests/test_open_only/test_prod_smoke.py::test_objects_application_for_fastening@1 
2025-04-21T00:41:40.9523256Z [gw1] XFAIL tests/test_open_only/test_prod_smoke.py::test_objects_application_for_fastening@1 
2025-04-21T00:41:51.1345749Z tests/test_open_only/test_prod_smoke.py::test_40436_product_search_in_open[R1dan2024-elka-ff@yandex.ru-https://ridan.ru-013G7070R]@1 
2025-04-21T00:41:51.1404655Z [gw0] FAILED tests/test_create_orders/test_create_orders_from_cart_open/test_26668__basket_creation_of_kp_ridan_pto_delivery_to_specified_address.py::test_26668_basket_creation_of_kp_ridan_pto_delivery_to_specified_address[w488900 3]@crm 
2025-04-21T00:42:04.3776397Z tests/test_create_orders/test_create_orders_from_cart_open/test_26796_creation_of_design_conditions_for_materials_and_pto_standard_contractual_terms.py::test_26796_creation_of_design_conditions_for_materials_and_pto_standard_contractual_terms[003L0145R 10 w488900 2]@crm 
2025-04-21T00:42:04.3798569Z [gw1] PASSED tests/test_open_only/test_prod_smoke.py::test_40436_product_search_in_open[R1dan2024-elka-ff@yandex.ru-https://ridan.ru-013G7070R]@1 
2025-04-21T00:42:50.4206622Z tests/test_open_only/test_prod_smoke.py::test_check_link_page[https://ridan.ru]@1 
2025-04-21T00:42:50.4231474Z ##[warning]Unverified HTTPS request is being made to host 'ridan.ru'. Adding certificate verification is strongly advised. See: https://urllib3.readthedocs.io/en/latest/advanced-usage.html#tls-warnings
2025-04-21T00:42:50.4233815Z 
2025-04-21T00:43:24.3199265Z tests/test_open_only/test_prod_smoke.py::test_50447_adding_non_existent_item_to_cart_prod[003G1014R001 003G1014R-R1dan2024-elka-ff@yandex.ru-https://ridan.ru]@1 
2025-04-21T00:43:24.3237871Z [gw1] PASSED tests/test_open_only/test_prod_smoke.py::test_50447_adding_non_existent_item_to_cart_prod[003G1014R001 003G1014R-R1dan2024-elka-ff@yandex.ru-https://ridan.ru]@1 
2025-04-21T00:43:24.3254433Z tests/test_31664_transfer_of_the_credit_account_in_1c.py::test_tms_order_shipment_with_delivery 
2025-04-21T00:43:24.3288918Z [gw1] SKIPPED tests/test_31664_transfer_of_the_credit_account_in_1c.py::test_tms_order_shipment_with_delivery 
2025-04-21T00:43:29.5837509Z tests/test_OneCRM/test_50831_margin_color_indicators_in_kp.py::test_50831_margin_color_indicators_in_kp[065B3050R 003Z1161R 003G1003R w488900] 
2025-04-21T00:43:29.5868052Z [gw0] RERUN tests/test_create_orders/test_create_orders_from_cart_open/test_26796_creation_of_design_conditions_for_materials_and_pto_standard_contractual_terms.py::test_26796_creation_of_design_conditions_for_materials_and_pto_standard_contractual_terms[003L0145R 10 w488900 2]@crm 
2025-04-21T00:43:50.0576530Z tests/test_create_orders/test_create_orders_from_cart_open/test_26796_creation_of_design_conditions_for_materials_and_pto_standard_contractual_terms.py::test_26796_creation_of_design_conditions_for_materials_and_pto_standard_contractual_terms[003L0145R 10 w488900 2]@crm 
2025-04-21T00:43:50.0579419Z [gw1] RERUN tests/test_OneCRM/test_50831_margin_color_indicators_in_kp.py::test_50831_margin_color_indicators_in_kp[065B3050R 003Z1161R 003G1003R w488900] 
2025-04-21T00:44:09.7666335Z tests/test_OneCRM/test_50831_margin_color_indicators_in_kp.py::test_50831_margin_color_indicators_in_kp[065B3050R 003Z1161R 003G1003R w488900] 
2025-04-21T00:44:09.7685604Z ##[warning]Unverified HTTPS request is being made to host 'ruecom-intru-tst.ridancorp.net'. Adding certificate verification is strongly advised. See: https://urllib3.readthedocs.io/en/latest/advanced-usage.html#tls-warnings
2025-04-21T00:44:09.7689107Z ##[warning]Unverified HTTPS request is being made to host 'ruecom-intru-tst.ridancorp.net'. Adding certificate verification is strongly advised. See: https://urllib3.readthedocs.io/en/latest/advanced-usage.html#tls-warnings
2025-04-21T00:44:09.7690364Z 
2025-04-21T00:45:12.8299783Z tests/test_OneCRM/test_smoke_crm_prod.py::test_smoke_crm_prod[w488900 1 003L0144 1] 
2025-04-21T00:45:12.8340119Z [gw0] FAILED tests/test_create_orders/test_create_orders_from_cart_open/test_26796_creation_of_design_conditions_for_materials_and_pto_standard_contractual_terms.py::test_26796_creation_of_design_conditions_for_materials_and_pto_standard_contractual_terms[003L0145R 10 w488900 2]@crm 
2025-04-21T00:46:53.3726825Z tests/test_create_orders/test_create_orders_from_cart_open/test_40405_cart_materials_creating_a_design_condition_in_open_changing_conditions_in_crm.py::test_40405_cart_materials_creating_a_design_condition_in_open_changing_conditions_in_crm[003L0145R 10 003L0143 25]@crm 
2025-04-21T00:46:53.3756630Z [gw0] RERUN tests/test_create_orders/test_create_orders_from_cart_open/test_40405_cart_materials_creating_a_design_condition_in_open_changing_conditions_in_crm.py::test_40405_cart_materials_creating_a_design_condition_in_open_changing_conditions_in_crm[003L0145R 10 003L0143 25]@crm 
2025-04-21T00:48:33.4868110Z tests/test_create_orders/test_create_orders_from_cart_open/test_40405_cart_materials_creating_a_design_condition_in_open_changing_conditions_in_crm.py::test_40405_cart_materials_creating_a_design_condition_in_open_changing_conditions_in_crm[003L0145R 10 003L0143 25]@crm 
2025-04-21T00:48:33.4986787Z [gw1] PASSED tests/test_OneCRM/test_smoke_crm_prod.py::test_smoke_crm_prod[w488900 1 003L0144 1] 
2025-04-21T00:48:33.4998808Z tests/test_checking_limits_and_availability.py::test_checking_limits_and_availability 
2025-04-21T00:48:33.5012045Z [gw1] SKIPPED tests/test_checking_limits_and_availability.py::test_checking_limits_and_availability 
2025-04-21T00:48:34.1450856Z tests/test_create_orders/test_create_orders_from_pq/test_50787_creation_of_commercial_agreement_with_protected_calculation_for_unassigned_distributor.py::test_50787_creation_of_commercial_agreement_with_protected_calculation_for_unassigned_distributor[w204010133] 
2025-04-21T00:48:34.1491033Z [gw0] FAILED tests/test_create_orders/test_create_orders_from_cart_open/test_40405_cart_materials_creating_a_design_condition_in_open_changing_conditions_in_crm.py::test_40405_cart_materials_creating_a_design_condition_in_open_changing_conditions_in_crm[003L0145R 10 003L0143 25]@crm 
2025-04-21T00:49:29.6001929Z tests/test_create_orders/test_create_orders_from_cart_open/test_48561_creating_commercial_offer_and_applying_discounts_on_special_prices.py::test_48561_creating_commercial_offer_and_applying_discounts_on_special_prices[003H6756 065B3051R 065B8311RG]@crm 
2025-04-21T00:49:29.6030038Z [gw0] RERUN tests/test_create_orders/test_create_orders_from_cart_open/test_48561_creating_commercial_offer_and_applying_discounts_on_special_prices.py::test_48561_creating_commercial_offer_and_applying_discounts_on_special_prices[003H6756 065B3051R 065B8311RG]@crm 
2025-04-21T00:50:57.5273668Z tests/test_create_orders/test_create_orders_from_cart_open/test_48561_creating_commercial_offer_and_applying_discounts_on_special_prices.py::test_48561_creating_commercial_offer_and_applying_discounts_on_special_prices[003H6756 065B3051R 065B8311RG]@crm 
2025-04-21T00:50:57.5345992Z [gw1] PASSED tests/test_create_orders/test_create_orders_from_pq/test_50787_creation_of_commercial_agreement_with_protected_calculation_for_unassigned_distributor.py::test_50787_creation_of_commercial_agreement_with_protected_calculation_for_unassigned_distributor[w204010133] 
2025-04-21T00:51:30.3943077Z tests/test_open_only/online_selection/test_27075_tdu_distribution_cabinet_selection.py::test_27075_tdu_distribution_cabinet_selection 
2025-04-21T00:51:30.3987451Z [gw1] PASSED tests/test_open_only/online_selection/test_27075_tdu_distribution_cabinet_selection.py::test_27075_tdu_distribution_cabinet_selection 
2025-04-21T00:52:13.2078433Z tests/test_open_only/online_selection/test_32821_btp_configurator.py::test_btp_configurator 
2025-04-21T00:52:13.2113476Z [gw1] PASSED tests/test_open_only/online_selection/test_32821_btp_configurator.py::test_btp_configurator 
2025-04-21T00:52:13.2129224Z tests/test_open_only/online_selection/test_39723_ppto_configurator_evaporator.py::test_39723_ppto_configurator_evaporator_with_authorization 
2025-04-21T00:52:13.2149760Z [gw1] SKIPPED tests/test_open_only/online_selection/test_39723_ppto_configurator_evaporator.py::test_39723_ppto_configurator_evaporator_with_authorization 
2025-04-21T00:52:13.2164086Z tests/test_open_only/online_selection/test_39723_ppto_configurator_evaporator.py::test_39723_ppto_configurator_evaporator_without_authorization 
2025-04-21T00:52:13.2178360Z [gw1] SKIPPED tests/test_open_only/online_selection/test_39723_ppto_configurator_evaporator.py::test_39723_ppto_configurator_evaporator_without_authorization 
2025-04-21T00:52:52.8691216Z tests/test_open_only/online_selection/test_39724_ppto_configurator_single_phase.py::test_39724_ppto_configurator_single_phase_without_authorization 
2025-04-21T00:52:52.8737037Z [gw1] PASSED tests/test_open_only/online_selection/test_39724_ppto_configurator_single_phase.py::test_39724_ppto_configurator_single_phase_without_authorization 
2025-04-21T00:53:06.5962058Z tests/test_open_only/online_selection/test_39724_ppto_configurator_single_phase.py::test_39724_ppto_configurator_single_phase_with_authorization 
2025-04-21T00:53:06.6086182Z [gw0] PASSED tests/test_create_orders/test_create_orders_from_cart_open/test_48561_creating_commercial_offer_and_applying_discounts_on_special_prices.py::test_48561_creating_commercial_offer_and_applying_discounts_on_special_prices[003H6756 065B3051R 065B8311RG]@crm 
2025-04-21T00:53:26.9795602Z tests/test_create_orders/test_create_orders_from_pq/test_25686_coordination_of_cp.py::test_25686_coordination_of_cp[065B8307R 003L0145R 003L0145R w488900]@crm 
2025-04-21T00:53:26.9840288Z [gw1] PASSED tests/test_open_only/online_selection/test_39724_ppto_configurator_single_phase.py::test_39724_ppto_configurator_single_phase_with_authorization 
2025-04-21T00:53:51.7426515Z tests/test_open_only/online_selection/test_39724_ppto_configurator_single_phase.py::test_39724_generation_of_a_questionnaire_in_a_single_phase_calculation 
2025-04-21T00:53:51.7477213Z [gw1] PASSED tests/test_open_only/online_selection/test_39724_ppto_configurator_single_phase.py::test_39724_generation_of_a_questionnaire_in_a_single_phase_calculation 
2025-04-21T00:54:47.0245739Z tests/test_open_only/online_selection/test_39725_pumping_station_configurator.py::test_39725_pumping_station_configurator 
2025-04-21T00:54:47.0286206Z [gw1] PASSED tests/test_open_only/online_selection/test_39725_pumping_station_configurator.py::test_39725_pumping_station_configurator 
2025-04-21T00:55:13.7269368Z tests/test_open_only/online_selection/test_39752_selection_of_analogue_ridan_equipment_by_article_number.py::test_39752_selection_of_analogue_ridan_equipment_by_article_number_tst[123456-k.tertyshnyi@vodokomfort.ru-013G7090-https://ruecom-open-tst1.ridancorp.net/search/analogs-https://ruecom-open-tst1.ridancorp.net] 
2025-04-21T00:55:13.7300665Z [gw1] PASSED tests/test_open_only/online_selection/test_39752_selection_of_analogue_ridan_equipment_by_article_number.py::test_39752_selection_of_analogue_ridan_equipment_by_article_number_tst[123456-k.tertyshnyi@vodokomfort.ru-013G7090-https://ruecom-open-tst1.ridancorp.net/search/analogs-https://ruecom-open-tst1.ridancorp.net] 
2025-04-21T00:55:53.8208870Z tests/test_open_only/online_selection/test_39753_selection_of_analogue_ridan_equipment_by_name.py::test_39753_selection_of_analogue_ridan_equipment_by_name_tst[123456-k.tertyshnyi@vodokomfort.ru-\u041a\u041b\u0410\u041f\u0410\u041d \u0411\u0410\u041b\u0410\u041d\u0421\u0418\u0420\u041e\u0412\u041e\u0427\u041d\u042b\u0419 \u0414\u042315-https://ruecom-open-tst1.ridancorp.net/search/analogs-https://ruecom-open-tst1.ridancorp.net] 
2025-04-21T00:55:53.8222163Z [gw1] RERUN tests/test_open_only/online_selection/test_39753_selection_of_analogue_ridan_equipment_by_name.py::test_39753_selection_of_analogue_ridan_equipment_by_name_tst[123456-k.tertyshnyi@vodokomfort.ru-\u041a\u041b\u0410\u041f\u0410\u041d \u0411\u0410\u041b\u0410\u041d\u0421\u0418\u0420\u041e\u0412\u041e\u0427\u041d\u042b\u0419 \u0414\u042315-https://ruecom-open-tst1.ridancorp.net/search/analogs-https://ruecom-open-tst1.ridancorp.net] 
2025-04-21T00:56:03.1503286Z tests/test_open_only/online_selection/test_39753_selection_of_analogue_ridan_equipment_by_name.py::test_39753_selection_of_analogue_ridan_equipment_by_name_tst[123456-k.tertyshnyi@vodokomfort.ru-\u041a\u041b\u0410\u041f\u0410\u041d \u0411\u0410\u041b\u0410\u041d\u0421\u0418\u0420\u041e\u0412\u041e\u0427\u041d\u042b\u0419 \u0414\u042315-https://ruecom-open-tst1.ridancorp.net/search/analogs-https://ruecom-open-tst1.ridancorp.net] 
2025-04-21T00:56:03.1598885Z [gw0] RERUN tests/test_create_orders/test_create_orders_from_pq/test_25686_coordination_of_cp.py::test_25686_coordination_of_cp[065B8307R 003L0145R 003L0145R w488900]@crm 
2025-04-21T00:56:24.7747430Z tests/test_create_orders/test_create_orders_from_pq/test_25686_coordination_of_cp.py::test_25686_coordination_of_cp[065B8307R 003L0145R 003L0145R w488900]@crm 
2025-04-21T00:56:24.7790986Z [gw1] PASSED tests/test_open_only/online_selection/test_39753_selection_of_analogue_ridan_equipment_by_name.py::test_39753_selection_of_analogue_ridan_equipment_by_name_tst[123456-k.tertyshnyi@vodokomfort.ru-\u041a\u041b\u0410\u041f\u0410\u041d \u0411\u0410\u041b\u0410\u041d\u0421\u0418\u0420\u041e\u0412\u041e\u0427\u041d\u042b\u0419 \u0414\u042315-https://ruecom-open-tst1.ridancorp.net/search/analogs-https://ruecom-open-tst1.ridancorp.net] 
2025-04-21T00:58:40.6804140Z tests/test_open_only/online_selection/test_39754_cool_config.py::test_cooling_diagrams 
2025-04-21T00:58:40.6892922Z [gw1] PASSED tests/test_open_only/online_selection/test_39754_cool_config.py::test_cooling_diagrams 
2025-04-21T00:58:56.5869702Z tests/test_open_only/online_selection/test_39754_cool_config.py::test_selection_of_compressors 
2025-04-21T00:58:56.5937431Z [gw0] FAILED tests/test_create_orders/test_create_orders_from_pq/test_25686_coordination_of_cp.py::test_25686_coordination_of_cp[065B8307R 003L0145R 003L0145R w488900]@crm 
2025-04-21T00:59:18.1665477Z tests/test_create_orders/test_create_orders_from_pq/test_26384_order_from_pq_materials_pto_pickup.py::test_26384_order_from_pq_materials_pto[w488900 1 003L0145 100]@crm 
2025-04-21T00:59:18.1692209Z [gw1] PASSED tests/test_open_only/online_selection/test_39754_cool_config.py::test_selection_of_compressors 
2025-04-21T00:59:51.2448833Z tests/test_open_only/online_selection/test_39754_cool_config.py::test_selection_of_expansion_valves 
2025-04-21T00:59:51.2494706Z [gw1] PASSED tests/test_open_only/online_selection/test_39754_cool_config.py::test_selection_of_expansion_valves 
2025-04-21T01:00:35.4597729Z tests/test_open_only/online_selection/test_39754_cool_config.py::test_check_non_return_valve_selection 
2025-04-21T01:00:35.4631714Z [gw1] PASSED tests/test_open_only/online_selection/test_39754_cool_config.py::test_check_non_return_valve_selection 
2025-04-21T01:01:11.5657831Z tests/test_open_only/online_selection/test_39754_cool_config.py::test_select_pipelines 
2025-04-21T01:01:11.5694413Z [gw1] PASSED tests/test_open_only/online_selection/test_39754_cool_config.py::test_select_pipelines 
2025-04-21T01:01:11.5711349Z tests/test_open_only/online_selection/test_40198_selection_bhu.py::test_40198_selection_bhu 
2025-04-21T01:01:11.5772980Z [gw1] SKIPPED tests/test_open_only/online_selection/test_40198_selection_bhu.py::test_40198_selection_bhu 
2025-04-21T01:01:42.5958435Z tests/test_open_only/online_selection/test_40199_selection_of_sha_prod.py::test_40199_selection_od_sha_prod 
2025-04-21T01:01:42.5977557Z [gw1] RERUN tests/test_open_only/online_selection/test_40199_selection_of_sha_prod.py::test_40199_selection_od_sha_prod 
2025-04-21T01:02:14.0109988Z tests/test_open_only/online_selection/test_40199_selection_of_sha_prod.py::test_40199_selection_od_sha_prod 
2025-04-21T01:02:14.0147021Z [gw1] PASSED tests/test_open_only/online_selection/test_40199_selection_of_sha_prod.py::test_40199_selection_od_sha_prod 
2025-04-21T01:02:54.6420598Z tests/test_open_only/online_selection/test_42355_heat_select.py::test_heat_select_two_valve 
2025-04-21T01:02:54.6462131Z [gw1] PASSED tests/test_open_only/online_selection/test_42355_heat_select.py::test_heat_select_two_valve 
2025-04-21T01:03:13.9410978Z tests/test_open_only/online_selection/test_42355_heat_select.py::test_heat_select_direct_regulator 
2025-04-21T01:03:13.9517301Z [gw0] PASSED tests/test_create_orders/test_create_orders_from_pq/test_26384_order_from_pq_materials_pto_pickup.py::test_26384_order_from_pq_materials_pto[w488900 1 003L0145 100]@crm 
2025-04-21T01:03:34.4557897Z tests/test_create_orders/test_create_orders_from_pq/test_26394_order_from_pq_materials.py::test_26394_order_from_pq_materials[065B8225 100 003L0143 50 ]@crm 
2025-04-21T01:03:34.4597534Z [gw1] PASSED tests/test_open_only/online_selection/test_42355_heat_select.py::test_heat_select_direct_regulator 
2025-04-21T01:03:53.8555164Z tests/test_open_only/online_selection/test_pump_configurator.py::test_pump_configurator 
2025-04-21T01:03:53.8587377Z [gw1] PASSED tests/test_open_only/online_selection/test_pump_configurator.py::test_pump_configurator 
2025-04-21T01:04:22.1035924Z tests/test_open_only/online_selection/test_selection_of_heating_device.py::test_selection_heating_device 
2025-04-21T01:04:22.1062622Z [gw1] PASSED tests/test_open_only/online_selection/test_selection_of_heating_device.py::test_selection_heating_device 
2025-04-21T01:05:37.8393768Z tests/test_open_only/test_25997_fastening_request.py::test_25997_fastening_request 
2025-04-21T01:05:37.8441438Z [gw1] PASSED tests/test_open_only/test_25997_fastening_request.py::test_25997_fastening_request 
2025-04-21T01:06:00.0485453Z tests/test_open_only/test_26550_mandatory_codes_blocked_changed_rounding.py::test_26550_mandatory_codes_blocked_changed_rounding[088H2220 1 009G0191 1] 
2025-04-21T01:06:00.0528950Z [gw1] PASSED tests/test_open_only/test_26550_mandatory_codes_blocked_changed_rounding.py::test_26550_mandatory_codes_blocked_changed_rounding[088H2220 1 009G0191 1] 
2025-04-21T01:06:35.3303001Z tests/test_open_only/test_27222_and_27223_new_user_registration.py::test_27222_and_27223_new_user_registration_individual 
2025-04-21T01:06:35.3332422Z [gw1] XFAIL tests/test_open_only/test_27222_and_27223_new_user_registration.py::test_27222_and_27223_new_user_registration_individual 
2025-04-21T01:07:20.6963132Z tests/test_open_only/test_27222_and_27223_new_user_registration.py::test_27222_and_27223_new_user_registration_entity 
2025-04-21T01:07:20.6996468Z [gw1] XFAIL tests/test_open_only/test_27222_and_27223_new_user_registration.py::test_27222_and_27223_new_user_registration_entity 
2025-04-21T01:08:16.4857386Z tests/test_open_only/test_35139_personal_area_distr.py::test_upload_document_cart_and_draft[065B8307R 003L0145R] 
2025-04-21T01:08:16.4895724Z [gw1] PASSED tests/test_open_only/test_35139_personal_area_distr.py::test_upload_document_cart_and_draft[065B8307R 003L0145R] 
2025-04-21T01:08:21.1318582Z tests/test_open_only/test_35139_personal_area_distr.py::test_catalog[013G7070R] 
2025-04-21T01:08:21.1433917Z [gw0] PASSED tests/test_create_orders/test_create_orders_from_pq/test_26394_order_from_pq_materials.py::test_26394_order_from_pq_materials[065B8225 100 003L0143 50 ]@crm 
2025-04-21T01:08:49.1549104Z tests/test_create_orders/test_create_orders_from_pq/test_26643_special_price_order_from_pq.py::test_26643_order_from_pq_special_price[065B8307RG]@crm 
2025-04-21T01:08:49.1593834Z [gw1] PASSED tests/test_open_only/test_35139_personal_area_distr.py::test_catalog[013G7070R] 
2025-04-21T01:09:15.8807125Z tests/test_open_only/test_35139_personal_area_distr.py::test_open_links[013G5074] 
2025-04-21T01:09:15.8859934Z [gw1] PASSED tests/test_open_only/test_35139_personal_area_distr.py::test_open_links[013G5074] 
2025-04-21T01:09:42.4094950Z tests/test_open_only/test_35139_personal_area_distr.py::test_open_links[013G7070R] 
2025-04-21T01:09:42.4123704Z [gw1] PASSED tests/test_open_only/test_35139_personal_area_distr.py::test_open_links[013G7070R] 
2025-04-21T01:10:17.9433187Z tests/test_open_only/test_35139_personal_area_distr.py::test_download_price_and_catalog 
2025-04-21T01:10:17.9456985Z [gw1] PASSED tests/test_open_only/test_35139_personal_area_distr.py::test_download_price_and_catalog 
2025-04-21T01:10:52.1896417Z tests/test_open_only/test_35139_personal_area_distr.py::test_page_changing_of_dates_of_the_order 
2025-04-21T01:10:52.1933563Z [gw1] PASSED tests/test_open_only/test_35139_personal_area_distr.py::test_page_changing_of_dates_of_the_order 
2025-04-21T01:11:39.5119818Z tests/test_open_only/test_35140_personal_area_end_user.py::test_upload_document_cart_and_draft[065B8307R 003L0145R] 
2025-04-21T01:11:39.5156030Z [gw1] PASSED tests/test_open_only/test_35140_personal_area_end_user.py::test_upload_document_cart_and_draft[065B8307R 003L0145R] 
2025-04-21T01:12:21.3059360Z tests/test_open_only/test_35140_personal_area_end_user.py::test_distributors_and_service_partners 
2025-04-21T01:12:21.3086127Z [gw1] PASSED tests/test_open_only/test_35140_personal_area_end_user.py::test_distributors_and_service_partners 
2025-04-21T01:12:53.3798962Z tests/test_open_only/test_35140_personal_area_end_user.py::test_catalog[013G7070R] 
2025-04-21T01:12:53.3838102Z [gw1] PASSED tests/test_open_only/test_35140_personal_area_end_user.py::test_catalog[013G7070R] 
2025-04-21T01:13:14.0374876Z tests/test_open_only/test_35140_personal_area_end_user.py::test_open_links[013G5074] 
2025-04-21T01:13:14.0395744Z [gw1] PASSED tests/test_open_only/test_35140_personal_area_end_user.py::test_open_links[013G5074] 
2025-04-21T01:13:33.9968556Z tests/test_open_only/test_35140_personal_area_end_user.py::test_open_links[013G7070R] 
2025-04-21T01:13:33.9992011Z [gw1] PASSED tests/test_open_only/test_35140_personal_area_end_user.py::test_open_links[013G7070R] 
2025-04-21T01:14:08.1605768Z tests/test_open_only/test_35140_personal_area_end_user.py::test_download_price_and_catalog 
2025-04-21T01:14:08.1632419Z [gw1] PASSED tests/test_open_only/test_35140_personal_area_end_user.py::test_download_price_and_catalog 
2025-04-21T01:15:46.8357671Z tests/test_open_only/test_39070_autotest_pto_list_of_calculations_and_ol_pto.py::test_checking_opening_of_page_and_searching_for_calculation 
2025-04-21T01:15:46.8370844Z [gw1] RERUN tests/test_open_only/test_39070_autotest_pto_list_of_calculations_and_ol_pto.py::test_checking_opening_of_page_and_searching_for_calculation 
2025-04-21T01:15:51.0011753Z tests/test_open_only/test_39070_autotest_pto_list_of_calculations_and_ol_pto.py::test_checking_opening_of_page_and_searching_for_calculation 
2025-04-21T01:15:51.0158098Z [gw0] PASSED tests/test_create_orders/test_create_orders_from_pq/test_26643_special_price_order_from_pq.py::test_26643_order_from_pq_special_price[065B8307RG]@crm 
2025-04-21T01:16:18.4784851Z tests/test_create_orders/test_create_orders_from_pq/test_27104_order_from_pq_btp_n_codes_free_shipping.py::test_27104_order_from_pq_btp_n_codes_free_shipping[N0204249262-1 5]@crm 
2025-04-21T01:16:18.4810040Z [gw1] PASSED tests/test_open_only/test_39070_autotest_pto_list_of_calculations_and_ol_pto.py::test_checking_opening_of_page_and_searching_for_calculation 
2025-04-21T01:17:34.3454648Z tests/test_open_only/test_39070_autotest_pto_list_of_calculations_and_ol_pto.py::test_download_calculations 
2025-04-21T01:17:34.3487536Z [gw1] PASSED tests/test_open_only/test_39070_autotest_pto_list_of_calculations_and_ol_pto.py::test_download_calculations 
2025-04-21T01:18:11.1391879Z tests/test_open_only/test_39070_autotest_pto_list_of_calculations_and_ol_pto.py::test_check_changes_in_pto_calculation_data 
2025-04-21T01:18:11.1423547Z [gw1] PASSED tests/test_open_only/test_39070_autotest_pto_list_of_calculations_and_ol_pto.py::test_check_changes_in_pto_calculation_data 
2025-04-21T01:18:56.0020844Z tests/test_open_only/test_39070_autotest_pto_list_of_calculations_and_ol_pto.py::test_adding_payment_to_cart 
2025-04-21T01:18:56.0070062Z [gw1] PASSED tests/test_open_only/test_39070_autotest_pto_list_of_calculations_and_ol_pto.py::test_adding_payment_to_cart 
2025-04-21T01:19:26.5651877Z tests/test_open_only/test_40420_cleverdesk_open.py::test_clever_desk_open 
2025-04-21T01:19:26.5662482Z [gw1] RERUN tests/test_open_only/test_40420_cleverdesk_open.py::test_clever_desk_open 
2025-04-21T01:19:56.2684055Z tests/test_open_only/test_40420_cleverdesk_open.py::test_clever_desk_open 
2025-04-21T01:19:56.2704388Z [gw1] FAILED tests/test_open_only/test_40420_cleverdesk_open.py::test_clever_desk_open 
2025-04-21T01:19:56.2722338Z tests/test_open_only/test_40436_product_search_in_open.py::test_40436_product_search_in_open[123456-k.tertyshnyi@vodokomfort.ru-https://ruecom-open-tst1.ridancorp.net-013G7070R] 
2025-04-21T01:19:56.2738214Z [gw1] SKIPPED tests/test_open_only/test_40436_product_search_in_open.py::test_40436_product_search_in_open[123456-k.tertyshnyi@vodokomfort.ru-https://ruecom-open-tst1.ridancorp.net-013G7070R] 
2025-04-21T01:20:38.6674706Z tests/test_open_only/test_44939_checking_balance_page.py::test_44939_checking_balance_page 
2025-04-21T01:20:38.6691019Z [gw1] RERUN tests/test_open_only/test_44939_checking_balance_page.py::test_44939_checking_balance_page 
2025-04-21T01:21:30.8051769Z tests/test_open_only/test_44939_checking_balance_page.py::test_44939_checking_balance_page 
2025-04-21T01:21:30.8081494Z [gw1] PASSED tests/test_open_only/test_44939_checking_balance_page.py::test_44939_checking_balance_page 
2025-04-21T01:22:17.2638327Z tests/test_open_only/test_cancel_order.py::test_cancel_order_on_tst 
2025-04-21T01:22:17.2677661Z [gw1] PASSED tests/test_open_only/test_cancel_order.py::test_cancel_order_on_tst 
2025-04-21T01:22:25.4177166Z tests/test_open_only/test_open_links.py::test_open_links[https://ruecom-open-tst1.ridancorp.net] 
2025-04-21T01:22:25.4298077Z [gw0] PASSED tests/test_create_orders/test_create_orders_from_pq/test_27104_order_from_pq_btp_n_codes_free_shipping.py::test_27104_order_from_pq_btp_n_codes_free_shipping[N0204249262-1 5]@crm 
2025-04-21T01:22:58.3753728Z tests/test_create_orders/test_create_orders_from_pq/test_27104_order_from_pq_btp_n_codes_free_shipping.py::test_27104_order_from_pq_btp_n_codes_free_shipping[S0805240011-1 3]@crm 
2025-04-21T01:22:58.3771200Z ##[warning]Unverified HTTPS request is being made to host 'ruecom-open-tst1.ridancorp.net'. Adding certificate verification is strongly advised. See: https://urllib3.readthedocs.io/en/latest/advanced-usage.html#tls-warnings
2025-04-21T01:22:58.3773072Z 
2025-04-21T01:24:34.4694845Z tests/test_open_only/tests_notifications/test_41783_checking_alert_when_creating_an_order_from_open_cart.py::test_41783_checking_alert_when_creating_an_order_from_open_cart[003L0145R 10] 
2025-04-21T01:24:34.4731990Z [gw1] RERUN tests/test_open_only/tests_notifications/test_41783_checking_alert_when_creating_an_order_from_open_cart.py::test_41783_checking_alert_when_creating_an_order_from_open_cart[003L0145R 10] 
2025-04-21T01:27:00.4338194Z tests/test_open_only/tests_notifications/test_41783_checking_alert_when_creating_an_order_from_open_cart.py::test_41783_checking_alert_when_creating_an_order_from_open_cart[003L0145R 10] 
2025-04-21T01:27:00.4376879Z [gw1] FAILED tests/test_open_only/tests_notifications/test_41783_checking_alert_when_creating_an_order_from_open_cart.py::test_41783_checking_alert_when_creating_an_order_from_open_cart[003L0145R 10] 
2025-04-21T01:27:35.7859804Z tests/test_open_only/tests_pto_configurator/test_26723_standard_calculation/test_26723_pto_configurator_standard_calculation_tst_environment.py::test_pto_configurator_standard_calculation_for_tst_environment 
2025-04-21T01:27:35.7969122Z [gw0] PASSED tests/test_create_orders/test_create_orders_from_pq/test_27104_order_from_pq_btp_n_codes_free_shipping.py::test_27104_order_from_pq_btp_n_codes_free_shipping[S0805240011-1 3]@crm 
2025-04-21T01:27:51.5733868Z tests/test_create_orders/test_create_orders_from_pq/test_27104_order_from_pq_btp_n_codes_free_shipping.py::test_27104_order_from_pq_btp_n_codes_free_shipping[N0204249262-1 S0805240011-1 BAST0404241646]@crm 
2025-04-21T01:27:51.5759889Z [gw1] PASSED tests/test_open_only/tests_pto_configurator/test_26723_standard_calculation/test_26723_pto_configurator_standard_calculation_tst_environment.py::test_pto_configurator_standard_calculation_for_tst_environment 
2025-04-21T01:29:14.3550316Z tests/test_open_only/tests_pto_configurator/test_26723_standard_calculation/test_formation_of_a_questionnaire_from_a_standard_calculation_pto.py::test_formation_of_a_questionnaire_from_a_standard_calculation_pto 
2025-04-21T01:29:14.3585180Z [gw1] PASSED tests/test_open_only/tests_pto_configurator/test_26723_standard_calculation/test_formation_of_a_questionnaire_from_a_standard_calculation_pto.py::test_formation_of_a_questionnaire_from_a_standard_calculation_pto 
2025-04-21T01:30:09.3705115Z tests/test_open_only/tests_pto_configurator/test_27323_two_stage_mixed_gws2/test_27323_two_stage_mixed_gws2.py::test_27323_two_stage_mixed_gws2_tst 
2025-04-21T01:30:09.3757980Z [gw1] PASSED tests/test_open_only/tests_pto_configurator/test_27323_two_stage_mixed_gws2/test_27323_two_stage_mixed_gws2.py::test_27323_two_stage_mixed_gws2_tst 
2025-04-21T01:30:56.4813304Z tests/tests_application_of_promotional_course/test_49230_cart_applying_a_promotional_course.py::test_49230_cart_applying_a_promotional_course[003L0125R 087H374983R 082H0212R-140F1246R 19808236R 98300758R] 
2025-04-21T01:34:15.3785382Z [gw1] PASSED tests/tests_application_of_promotional_course/test_49230_cart_applying_a_promotional_course.py::test_49230_cart_applying_a_promotional_course[003L0125R 087H374983R 082H0212R-140F1246R 19808236R 98300758R] 
2025-04-21T01:34:15.3898179Z [gw0] PASSED tests/test_create_orders/test_create_orders_from_pq/test_27104_order_from_pq_btp_n_codes_free_shipping.py::test_27104_order_from_pq_btp_n_codes_free_shipping[N0204249262-1 S0805240011-1 BAST0404241646]@crm 
2025-04-21T01:38:52.7829832Z tests/test_create_orders/test_create_orders_from_pq/test_27104_order_from_pq_btp_n_codes_paid_delivery.py::test_27104_order_from_pq_btp_n_codes[N0204249262-1 5]@crm 
2025-04-21T01:38:52.7932400Z [gw0] PASSED tests/test_create_orders/test_create_orders_from_pq/test_27104_order_from_pq_btp_n_codes_paid_delivery.py::test_27104_order_from_pq_btp_n_codes[N0204249262-1 5]@crm 
2025-04-21T01:43:24.9078150Z tests/test_create_orders/test_create_orders_from_pq/test_27104_order_from_pq_btp_n_codes_paid_delivery.py::test_27104_order_from_pq_btp_n_codes[S0805240011-1 3]@crm 
2025-04-21T01:43:24.9235873Z [gw0] PASSED tests/test_create_orders/test_create_orders_from_pq/test_27104_order_from_pq_btp_n_codes_paid_delivery.py::test_27104_order_from_pq_btp_n_codes[S0805240011-1 3]@crm 
2025-04-21T01:47:33.3000774Z tests/test_create_orders/test_create_orders_from_pq/test_27104_order_from_pq_btp_n_codes_paid_delivery.py::test_27104_order_from_pq_btp_n_codes[N0204249262-1 S0805240011-1 BAST0404241646]@crm 
2025-04-21T01:47:33.3095337Z [gw0] PASSED tests/test_create_orders/test_create_orders_from_pq/test_27104_order_from_pq_btp_n_codes_paid_delivery.py::test_27104_order_from_pq_btp_n_codes[N0204249262-1 S0805240011-1 BAST0404241646]@crm 
2025-04-21T01:52:32.4833955Z tests/test_create_orders/test_create_orders_from_pq/test_27393_pq_automation_cabinet_bast_component_pto_delivery_to_the_warehouse.py::test_27393_pq_automation_cabinet_bast_component_pto_delivery_to_the_warehouse_and_26384_material_pto[BAST0404241646  2 878139 2 w452192 003L0143 20 065B3050 10]@crm 
2025-04-21T01:52:32.5033016Z [gw0] PASSED tests/test_create_orders/test_create_orders_from_pq/test_27393_pq_automation_cabinet_bast_component_pto_delivery_to_the_warehouse.py::test_27393_pq_automation_cabinet_bast_component_pto_delivery_to_the_warehouse_and_26384_material_pto[BAST0404241646  2 878139 2 w452192 003L0143 20 065B3050 10]@crm 
2025-04-21T01:56:52.8284071Z tests/test_create_orders/test_create_orders_from_pq/test_27401_order_from_pq_pto_paid_delivery.py::test_27401_order_from_pq_pto_paid_delivery[878139 5 w488900 3]@crm 
2025-04-21T01:56:52.8363437Z [gw0] PASSED tests/test_create_orders/test_create_orders_from_pq/test_27401_order_from_pq_pto_paid_delivery.py::test_27401_order_from_pq_pto_paid_delivery[878139 5 w488900 3]@crm 
2025-04-21T02:01:03.3325178Z tests/test_create_orders/test_create_orders_from_pq/test_35039_pq_credit_pickup_material_or_pto.py::test_35039_pq_credit_pickup_material_or_pto[003L0145 10 065B3050  10]@crm 
2025-04-21T02:01:03.3440123Z [gw0] PASSED tests/test_create_orders/test_create_orders_from_pq/test_35039_pq_credit_pickup_material_or_pto.py::test_35039_pq_credit_pickup_material_or_pto[003L0145 10 065B3050  10]@crm 
2025-04-21T02:05:51.5059732Z tests/test_create_orders/test_create_orders_from_pq/test_38070_pq_with_a_change_in_payment_terms_when_placing_an_invoice_terms_with_surcharges.py::test_38070_pq_with_a_change_in_payment_terms_when_placing_an_invoice_terms_with_surcharges[065B8207 10 003L0145R 10 w488900\t5]@crm 
2025-04-21T02:05:51.5183866Z [gw0] PASSED tests/test_create_orders/test_create_orders_from_pq/test_38070_pq_with_a_change_in_payment_terms_when_placing_an_invoice_terms_with_surcharges.py::test_38070_pq_with_a_change_in_payment_terms_when_placing_an_invoice_terms_with_surcharges[065B8207 10 003L0145R 10 w488900\t5]@crm 
2025-04-21T02:10:18.0010664Z tests/test_create_orders/test_create_orders_from_pq/test_38124_creating_an_order_from_pq_to_usd.py::test_38124_creating_an_order_from_pq_to_usd[ZZZTEST1YE]@crm 
2025-04-21T02:10:18.0130600Z [gw0] PASSED tests/test_create_orders/test_create_orders_from_pq/test_38124_creating_an_order_from_pq_to_usd.py::test_38124_creating_an_order_from_pq_to_usd[ZZZTEST1YE]@crm 
2025-04-21T02:12:35.9176689Z tests/test_create_orders/test_create_orders_from_pq/test_38254_prices_in_cp_conversion_from_price_list_discounts_markups_cost.py::test_38254_prices_in_cp_conversion_from_price_list_discounts_markups_cost[article0]@crm 
2025-04-21T02:12:35.9450731Z [gw0] PASSED tests/test_create_orders/test_create_orders_from_pq/test_38254_prices_in_cp_conversion_from_price_list_discounts_markups_cost.py::test_38254_prices_in_cp_conversion_from_price_list_discounts_markups_cost[article0]@crm 
2025-04-21T02:17:20.6166161Z tests/test_create_orders/test_create_orders_from_pq/test_38411_kp_in_deal_industry.py::test_38411_kp_in_deal_industry[w401011621 w401011622]@crm 
2025-04-21T02:17:20.6299300Z [gw0] PASSED tests/test_create_orders/test_create_orders_from_pq/test_38411_kp_in_deal_industry.py::test_38411_kp_in_deal_industry[w401011621 w401011622]@crm 
2025-04-21T02:21:41.7961361Z tests/test_create_orders/test_create_orders_from_pq/test_41744_pq_materials_pto_pumping_pickup.py::test_41744_pq_materials_pto_pumping_pickup[878139 3 003L0144 100 Q0404240004-1 2]@crm 
2025-04-21T02:21:41.8075100Z [gw0] PASSED tests/test_create_orders/test_create_orders_from_pq/test_41744_pq_materials_pto_pumping_pickup.py::test_41744_pq_materials_pto_pumping_pickup[878139 3 003L0144 100 Q0404240004-1 2]@crm 
2025-04-21T02:25:40.0479411Z tests/test_create_orders/test_create_orders_from_pq/test_41745_pq_with_special_conditions_of_developer.py::test_41745_pq_with_special_conditions_of_developer@crm 
2025-04-21T02:25:40.0651765Z [gw0] PASSED tests/test_create_orders/test_create_orders_from_pq/test_41745_pq_with_special_conditions_of_developer.py::test_41745_pq_with_special_conditions_of_developer@crm 
2025-04-21T02:31:55.3589801Z tests/test_create_orders/test_create_orders_from_pq/test_45058_order_from_pq_BTP_pumping_station.py::test_45058_order_from_pq_btp_pumping_station[N0204249262-1 S0805240011-1 Q0404240004-1 3]@crm 
2025-04-21T02:31:55.3812870Z [gw0] PASSED tests/test_create_orders/test_create_orders_from_pq/test_45058_order_from_pq_BTP_pumping_station.py::test_45058_order_from_pq_btp_pumping_station[N0204249262-1 S0805240011-1 Q0404240004-1 3]@crm 
2025-04-21T02:32:55.2459229Z tests/test_create_orders/test_create_orders_from_pq/test_45059_cp_in_organization_for_technical_training_materials.py::test_45059_cp_in_organization_for_technical_training_materials[003L0391R 003L0125R-w488900 w452192]@crm 
2025-04-21T02:32:55.2491606Z [gw0] RERUN tests/test_create_orders/test_create_orders_from_pq/test_45059_cp_in_organization_for_technical_training_materials.py::test_45059_cp_in_organization_for_technical_training_materials[003L0391R 003L0125R-w488900 w452192]@crm 
2025-04-21T02:35:32.9372120Z tests/test_create_orders/test_create_orders_from_pq/test_45059_cp_in_organization_for_technical_training_materials.py::test_45059_cp_in_organization_for_technical_training_materials[003L0391R 003L0125R-w488900 w452192]@crm 
2025-04-21T02:35:32.9461302Z [gw0] PASSED tests/test_create_orders/test_create_orders_from_pq/test_45059_cp_in_organization_for_technical_training_materials.py::test_45059_cp_in_organization_for_technical_training_materials[003L0391R 003L0125R-w488900 w452192]@crm 
2025-04-21T02:38:54.4463996Z tests/test_create_orders/test_create_orders_from_pq/test_45085_order_from_pq_with_auto_replacement_code.py::test_45085_order_from_pq_with_auto_replacement_code[003L0144 100]@crm 
2025-04-21T02:38:54.4569216Z [gw0] PASSED tests/test_create_orders/test_create_orders_from_pq/test_45085_order_from_pq_with_auto_replacement_code.py::test_45085_order_from_pq_with_auto_replacement_code[003L0144 100]@crm 
2025-04-21T02:41:35.9050258Z tests/test_create_orders/test_create_orders_from_pq/test_45170_kp_for_soldered_pto_ppto_standard_conditions_prepayment.py::test_45170_kp_for_soldered_pto_ppto[w203057400]@crm 
2025-04-21T02:41:35.9184725Z [gw0] PASSED tests/test_create_orders/test_create_orders_from_pq/test_45170_kp_for_soldered_pto_ppto_standard_conditions_prepayment.py::test_45170_kp_for_soldered_pto_ppto[w203057400]@crm 
2025-04-21T02:44:21.2753196Z tests/test_create_orders/test_create_orders_from_pq/test_45182_kp_materials_bast_pto_credit_delivery_to_specified_address.py::test_45182_kp_materials_bast_pto_credit_delivery_to_specified_address[003L0391R 100 BAST0404241646 1 w488900 2]@crm 
2025-04-21T02:44:21.2820339Z [gw0] RERUN tests/test_create_orders/test_create_orders_from_pq/test_45182_kp_materials_bast_pto_credit_delivery_to_specified_address.py::test_45182_kp_materials_bast_pto_credit_delivery_to_specified_address[003L0391R 100 BAST0404241646 1 w488900 2]@crm 
2025-04-21T02:47:00.8105382Z tests/test_create_orders/test_create_orders_from_pq/test_45182_kp_materials_bast_pto_credit_delivery_to_specified_address.py::test_45182_kp_materials_bast_pto_credit_delivery_to_specified_address[003L0391R 100 BAST0404241646 1 w488900 2]@crm 
2025-04-21T02:47:00.8190210Z [gw0] FAILED tests/test_create_orders/test_create_orders_from_pq/test_45182_kp_materials_bast_pto_credit_delivery_to_specified_address.py::test_45182_kp_materials_bast_pto_credit_delivery_to_specified_address[003L0391R 100 BAST0404241646 1 w488900 2]@crm 
2025-04-21T02:53:34.7427136Z tests/test_create_orders/test_create_orders_from_pq/test_47089_discount_increase_approval_from_pq_den.py::test_47089_discount_increase_approval_from_pq_den[082X4070R 5 082X4068R 5]@crm 
2025-04-21T02:53:34.7605402Z [gw0] PASSED tests/test_create_orders/test_create_orders_from_pq/test_47089_discount_increase_approval_from_pq_den.py::test_47089_discount_increase_approval_from_pq_den[082X4070R 5 082X4068R 5]@crm 
2025-04-21T02:56:25.1650705Z tests/test_create_orders/test_create_orders_from_pq/test_47153_pq_tdu_pump_station_paid_delivery_to_adress.py::test_47153_pq_tdu_pump_station_paid_delivery_to_address[TDU1009575 Q0404240004-1]@crm 
2025-04-21T02:56:25.1710329Z [gw0] PASSED tests/test_create_orders/test_create_orders_from_pq/test_47153_pq_tdu_pump_station_paid_delivery_to_adress.py::test_47153_pq_tdu_pump_station_paid_delivery_to_address[TDU1009575 Q0404240004-1]@crm 
2025-04-21T02:59:41.8781650Z tests/test_create_orders/test_create_orders_from_pq/test_47157_pq_tdu_pump_station_free_delivery_to_adress.py::test_47157_pq_tdu_pump_station_free_delivery_to_address[TDU1009575 Q0404240004-1]@crm 
2025-04-21T02:59:41.8863174Z [gw0] PASSED tests/test_create_orders/test_create_orders_from_pq/test_47157_pq_tdu_pump_station_free_delivery_to_adress.py::test_47157_pq_tdu_pump_station_free_delivery_to_address[TDU1009575 Q0404240004-1]@crm 
2025-04-21T03:02:41.6035414Z tests/tests_application_of_promotional_course/test_49231_application_of_promotional_course_pq_from_crm_rub.py::test_49231_application_of_promotional_course_pq_from_crm_rub[087H374983R 082H0212R]@crm 
2025-04-21T03:02:41.6109020Z [gw0] PASSED tests/tests_application_of_promotional_course/test_49231_application_of_promotional_course_pq_from_crm_rub.py::test_49231_application_of_promotional_course_pq_from_crm_rub[087H374983R 082H0212R]@crm 
2025-04-21T03:03:01.1035358Z tests/tests_application_of_promotional_course/test_49280_using_promotional_course_in_configurator_selection_of_pto.py::test_49280_using_promotional_course_in_configurator_selection_of_pto@crm 
2025-04-21T03:03:01.1075037Z [gw0] PASSED tests/tests_application_of_promotional_course/test_49280_using_promotional_course_in_configurator_selection_of_pto.py::test_49280_using_promotional_course_in_configurator_selection_of_pto@crm 
2025-04-21T03:03:30.3907560Z tests/tests_rol/test_rol_from_crm/test_48920_checking__kp_rol_form_in_crm.py::test_48920_checking_kp_rol_form_in_crm@crm 
2025-04-21T03:03:41.5864234Z ##[error]12 test(s) failed, 145 test(s) collected.
2025-04-21T03:03:41.5865583Z Skipping uploading of coverage data.
2025-04-21T03:03:41.5865706Z 
2025-04-21T03:03:41.5865821Z 
2025-04-21T03:03:41.5866052Z ================================== FAILURES ===================================
2025-04-21T03:03:41.5866374Z _____________ test_24494_24505_25654_24508_working_with_an_object _____________
2025-04-21T03:03:41.5866689Z [gw0] win32 -- Python 3.13.1 C:\Python313\python.exe
2025-04-21T03:03:41.5867103Z tests\test_OneCRM\test_24494_24505_25654_24508_working_with_an_object.py:225: in test_24494_24505_25654_24508_working_with_an_object
2025-04-21T03:03:41.5867512Z     adding_a_member_to_an_object_24505(browser, num_object)
2025-04-21T03:03:41.5867889Z tests\test_OneCRM\test_24494_24505_25654_24508_working_with_an_object.py:119: in adding_a_member_to_an_object_24505
2025-04-21T03:03:41.5868265Z     page.input_engineering_department(eng_department)
2025-04-21T03:03:41.5868565Z crm_pages\object_page\object_page.py:423: in input_engineering_department
2025-04-21T03:03:41.5868876Z     self.waiting_element_is_visibility_on_the_page(
2025-04-21T03:03:41.5869165Z base_page\base_page.py:76: in waiting_element_is_visibility_on_the_page
2025-04-21T03:03:41.5869479Z     return wait.until(EC.visibility_of(self.find_element(locator)),
2025-04-21T03:03:41.5869767Z base_page\base_page.py:43: in find_element
2025-04-21T03:03:41.5870071Z     return WebDriverWait(self.driver, sec).until(EC.presence_of_element_located(locator),
2025-04-21T03:03:41.5870668Z C:\Users\S0028\AppData\Roaming\Python\Python313\site-packages\selenium\webdriver\support\wait.py:105: in until
2025-04-21T03:03:41.5871047Z     raise TimeoutException(message, screen, stacktrace)
2025-04-21T03:03:41.5871550Z E   selenium.common.exceptions.TimeoutException: Message: Can't find element by locator ('xpath', "//div[contains(text(), ' ( )')]")
2025-04-21T03:03:41.5871917Z E   Stacktrace:
2025-04-21T03:03:41.5872138Z E   	GetHandleVerifier [0x00007FF712A65355+78597]
2025-04-21T03:03:41.5872410Z E   	GetHandleVerifier [0x00007FF712A653B0+78688]
2025-04-21T03:03:41.5872652Z E   	(No symbol) [0x00007FF7128191AA]
2025-04-21T03:03:41.5872925Z E   	(No symbol) [0x00007FF71286F149]
2025-04-21T03:03:41.5873151Z E   	(No symbol) [0x00007FF71286F3FC]
2025-04-21T03:03:41.5873378Z E   	(No symbol) [0x00007FF7128C2467]
2025-04-21T03:03:41.5873621Z E   	(No symbol) [0x00007FF71289712F]
2025-04-21T03:03:41.5873846Z E   	(No symbol) [0x00007FF7128BF2BB]
2025-04-21T03:03:41.5874090Z E   	(No symbol) [0x00007FF712896EC3]
2025-04-21T03:03:41.5874317Z E   	(No symbol) [0x00007FF7128603F8]
2025-04-21T03:03:41.5874543Z E   	(No symbol) [0x00007FF712861163]
2025-04-21T03:03:41.5874801Z E   	GetHandleVerifier [0x00007FF712D0EF0D+2870973]
2025-04-21T03:03:41.5875063Z E   	GetHandleVerifier [0x00007FF712D096B8+2848360]
2025-04-21T03:03:41.5875338Z E   	GetHandleVerifier [0x00007FF712D26993+2967875]
2025-04-21T03:03:41.5875598Z E   	GetHandleVerifier [0x00007FF712A8019A+188746]
2025-04-21T03:03:41.5875873Z E   	GetHandleVerifier [0x00007FF712A8847F+222255]
2025-04-21T03:03:41.5876130Z E   	GetHandleVerifier [0x00007FF712A6D2D4+111236]
2025-04-21T03:03:41.5876740Z E   	GetHandleVerifier [0x00007FF712A6D482+111666]
2025-04-21T03:03:41.5877013Z E   	GetHandleVerifier [0x00007FF712A535A9+5465]
2025-04-21T03:03:41.5877268Z E   	BaseThreadInitThunk [0x00007FFCDC097AC4+20]
2025-04-21T03:03:41.5877533Z E   	RtlUserThreadStart [0x00007FFCDC94A4E1+33]
2025-04-21T03:03:41.5878220Z _ test_43343_search_for_a_design_catch_from_open_on_object_page_checking_pq_binding_to_object[065B8207R 10 003L0143 25] _
2025-04-21T03:03:41.5878594Z [gw1] win32 -- Python 3.13.1 C:\Python313\python.exe
2025-04-21T03:03:41.5879203Z tests\test_create_orders\test_create_orders_from_cart_open\test_43343_search_for_a_design_catch_from_open_on_object_page_checking_pq_binding_to_object.py:59: in test_43343_search_for_a_design_catch_from_open_on_object_page_checking_pq_binding_to_object
2025-04-21T03:03:41.5879744Z     page.click_button_confirm()
2025-04-21T03:03:41.5880076Z open_pages\new_design_condition\new_design_condition_page.py:148: in click_button_confirm
2025-04-21T03:03:41.5880491Z     self.waiting_element_is_visibility_located_dom(NewDesignConditionLocators.LOCATOR_H3_PLACED_AN_ORDER, 60)
2025-04-21T03:03:41.5880875Z base_page\base_page.py:83: in waiting_element_is_visibility_located_dom
2025-04-21T03:03:41.5881188Z     return wait.until(EC.presence_of_element_located(locator),
2025-04-21T03:03:41.5881595Z C:\Users\S0028\AppData\Roaming\Python\Python313\site-packages\selenium\webdriver\support\wait.py:105: in until
2025-04-21T03:03:41.5881973Z     raise TimeoutException(message, screen, stacktrace)
2025-04-21T03:03:41.5882438Z E   selenium.common.exceptions.TimeoutException: Message: ('xpath', "//h3[text()='  ']")     DOM- 
2025-04-21T03:03:41.5882806Z E   Stacktrace:
2025-04-21T03:03:41.5883042Z E   	GetHandleVerifier [0x00007FF712A65355+78597]
2025-04-21T03:03:41.5883300Z E   	GetHandleVerifier [0x00007FF712A653B0+78688]
2025-04-21T03:03:41.5883539Z E   	(No symbol) [0x00007FF7128191AA]
2025-04-21T03:03:41.5883785Z E   	(No symbol) [0x00007FF71286F149]
2025-04-21T03:03:41.5884010Z E   	(No symbol) [0x00007FF71286F3FC]
2025-04-21T03:03:41.5884252Z E   	(No symbol) [0x00007FF7128C2467]
2025-04-21T03:03:41.5884478Z E   	(No symbol) [0x00007FF71289712F]
2025-04-21T03:03:41.5884704Z E   	(No symbol) [0x00007FF7128BF2BB]
2025-04-21T03:03:41.5884949Z E   	(No symbol) [0x00007FF712896EC3]
2025-04-21T03:03:41.5885175Z E   	(No symbol) [0x00007FF7128603F8]
2025-04-21T03:03:41.5885411Z E   	(No symbol) [0x00007FF712861163]
2025-04-21T03:03:41.5885654Z E   	GetHandleVerifier [0x00007FF712D0EF0D+2870973]
2025-04-21T03:03:41.5885917Z E   	GetHandleVerifier [0x00007FF712D096B8+2848360]
2025-04-21T03:03:41.5886191Z E   	GetHandleVerifier [0x00007FF712D26993+2967875]
2025-04-21T03:03:41.5886452Z E   	GetHandleVerifier [0x00007FF712A8019A+188746]
2025-04-21T03:03:41.5886722Z E   	GetHandleVerifier [0x00007FF712A8847F+222255]
2025-04-21T03:03:41.5886977Z E   	GetHandleVerifier [0x00007FF712A6D2D4+111236]
2025-04-21T03:03:41.5887249Z E   	GetHandleVerifier [0x00007FF712A6D482+111666]
2025-04-21T03:03:41.5887503Z E   	GetHandleVerifier [0x00007FF712A535A9+5465]
2025-04-21T03:03:41.5887757Z E   	BaseThreadInitThunk [0x00007FFCDC097AC4+20]
2025-04-21T03:03:41.5888023Z E   	RtlUserThreadStart [0x00007FFCDC94A4E1+33]
2025-04-21T03:03:41.5888335Z _ test_26533_cart_materials_creating_a_design_condition_in_open[065B3050 10  003L0143 25] _
2025-04-21T03:03:41.5888674Z [gw0] win32 -- Python 3.13.1 C:\Python313\python.exe
2025-04-21T03:03:41.5889207Z tests\test_create_orders\test_create_orders_from_cart_open\test_26533_cart_materials_creating_a_design_condition_in_open_paid_delivery.py:90: in test_26533_cart_materials_creating_a_design_condition_in_open
2025-04-21T03:03:41.5889700Z     page.click_button_confirm()
2025-04-21T03:03:41.5890015Z open_pages\new_design_condition\new_design_condition_page.py:148: in click_button_confirm
2025-04-21T03:03:41.5890443Z     self.waiting_element_is_visibility_located_dom(NewDesignConditionLocators.LOCATOR_H3_PLACED_AN_ORDER, 60)
2025-04-21T03:03:41.5890879Z base_page\base_page.py:83: in waiting_element_is_visibility_located_dom
2025-04-21T03:03:41.5891192Z     return wait.until(EC.presence_of_element_located(locator),
2025-04-21T03:03:41.5891712Z C:\Users\S0028\AppData\Roaming\Python\Python313\site-packages\selenium\webdriver\support\wait.py:105: in until
2025-04-21T03:03:41.5892248Z     raise TimeoutException(message, screen, stacktrace)
2025-04-21T03:03:41.5892711Z E   selenium.common.exceptions.TimeoutException: Message: ('xpath', "//h3[text()='  ']")     DOM- 
2025-04-21T03:03:41.5893081Z E   Stacktrace:
2025-04-21T03:03:41.5893319Z E   	GetHandleVerifier [0x00007FF712A65355+78597]
2025-04-21T03:03:41.5893577Z E   	GetHandleVerifier [0x00007FF712A653B0+78688]
2025-04-21T03:03:41.5893829Z E   	(No symbol) [0x00007FF7128191AA]
2025-04-21T03:03:41.5894054Z E   	(No symbol) [0x00007FF71286F149]
2025-04-21T03:03:41.5894288Z E   	(No symbol) [0x00007FF71286F3FC]
2025-04-21T03:03:41.5894528Z E   	(No symbol) [0x00007FF7128C2467]
2025-04-21T03:03:41.5894753Z E   	(No symbol) [0x00007FF71289712F]
2025-04-21T03:03:41.5894993Z E   	(No symbol) [0x00007FF7128BF2BB]
2025-04-21T03:03:41.5895218Z E   	(No symbol) [0x00007FF712896EC3]
2025-04-21T03:03:41.5895450Z E   	(No symbol) [0x00007FF7128603F8]
2025-04-21T03:03:41.5895688Z E   	(No symbol) [0x00007FF712861163]
2025-04-21T03:03:41.5895932Z E   	GetHandleVerifier [0x00007FF712D0EF0D+2870973]
2025-04-21T03:03:41.5896203Z E   	GetHandleVerifier [0x00007FF712D096B8+2848360]
2025-04-21T03:03:41.5896462Z E   	GetHandleVerifier [0x00007FF712D26993+2967875]
2025-04-21T03:03:41.5896723Z E   	GetHandleVerifier [0x00007FF712A8019A+188746]
2025-04-21T03:03:41.5896994Z E   	GetHandleVerifier [0x00007FF712A8847F+222255]
2025-04-21T03:03:41.5897252Z E   	GetHandleVerifier [0x00007FF712A6D2D4+111236]
2025-04-21T03:03:41.5897525Z E   	GetHandleVerifier [0x00007FF712A6D482+111666]
2025-04-21T03:03:41.5897783Z E   	GetHandleVerifier [0x00007FF712A535A9+5465]
2025-04-21T03:03:41.5898038Z E   	BaseThreadInitThunk [0x00007FFCDC097AC4+20]
2025-04-21T03:03:41.5898306Z E   	RtlUserThreadStart [0x00007FFCDC94A4E1+33]
2025-04-21T03:03:41.5898599Z _ test_26633_pto_cart_creating_a_design_condition_in_open[w488900 5 878139 4] _
2025-04-21T03:03:41.5898928Z [gw0] win32 -- Python 3.13.1 C:\Python313\python.exe
2025-04-21T03:03:41.5899416Z tests\test_create_orders\test_create_orders_from_cart_open\test_26633_pto_cart_creating_a_design_condition_in_open.py:77: in test_26633_pto_cart_creating_a_design_condition_in_open
2025-04-21T03:03:41.5899863Z     page.click_button_confirm()
2025-04-21T03:03:41.5900178Z open_pages\new_design_condition\new_design_condition_page.py:148: in click_button_confirm
2025-04-21T03:03:41.5900588Z     self.waiting_element_is_visibility_located_dom(NewDesignConditionLocators.LOCATOR_H3_PLACED_AN_ORDER, 60)
2025-04-21T03:03:41.5900972Z base_page\base_page.py:83: in waiting_element_is_visibility_located_dom
2025-04-21T03:03:41.5901287Z     return wait.until(EC.presence_of_element_located(locator),
2025-04-21T03:03:41.5901689Z C:\Users\S0028\AppData\Roaming\Python\Python313\site-packages\selenium\webdriver\support\wait.py:105: in until
2025-04-21T03:03:41.5902067Z     raise TimeoutException(message, screen, stacktrace)
2025-04-21T03:03:41.5902527Z E   selenium.common.exceptions.TimeoutException: Message: ('xpath', "//h3[text()='  ']")     DOM- 
2025-04-21T03:03:41.5902895Z E   Stacktrace:
2025-04-21T03:03:41.5903116Z E   	GetHandleVerifier [0x00007FF712A65355+78597]
2025-04-21T03:03:41.5903387Z E   	GetHandleVerifier [0x00007FF712A653B0+78688]
2025-04-21T03:03:41.5903628Z E   	(No symbol) [0x00007FF7128191AA]
2025-04-21T03:03:41.5903866Z E   	(No symbol) [0x00007FF71286F149]
2025-04-21T03:03:41.5904090Z E   	(No symbol) [0x00007FF71286F3FC]
2025-04-21T03:03:41.5904326Z E   	(No symbol) [0x00007FF7128C2467]
2025-04-21T03:03:41.5904610Z E   	(No symbol) [0x00007FF71289712F]
2025-04-21T03:03:41.5904833Z E   	(No symbol) [0x00007FF7128BF2BB]
2025-04-21T03:03:41.5905072Z E   	(No symbol) [0x00007FF712896EC3]
2025-04-21T03:03:41.5905387Z E   	(No symbol) [0x00007FF7128603F8]
2025-04-21T03:03:41.5905614Z E   	(No symbol) [0x00007FF712861163]
2025-04-21T03:03:41.5905910Z E   	GetHandleVerifier [0x00007FF712D0EF0D+2870973]
2025-04-21T03:03:41.5906186Z E   	GetHandleVerifier [0x00007FF712D096B8+2848360]
2025-04-21T03:03:41.5906552Z E   	GetHandleVerifier [0x00007FF712D26993+2967875]
2025-04-21T03:03:41.5906816Z E   	GetHandleVerifier [0x00007FF712A8019A+188746]
2025-04-21T03:03:41.5907067Z E   	GetHandleVerifier [0x00007FF712A8847F+222255]
2025-04-21T03:03:41.5907329Z E   	GetHandleVerifier [0x00007FF712A6D2D4+111236]
2025-04-21T03:03:41.5907580Z E   	GetHandleVerifier [0x00007FF712A6D482+111666]
2025-04-21T03:03:41.5907828Z E   	GetHandleVerifier [0x00007FF712A535A9+5465]
2025-04-21T03:03:41.5908090Z E   	BaseThreadInitThunk [0x00007FFCDC097AC4+20]
2025-04-21T03:03:41.5908333Z E   	RtlUserThreadStart [0x00007FFCDC94A4E1+33]
2025-04-21T03:03:41.5908641Z _ test_26668_basket_creation_of_kp_ridan_pto_delivery_to_specified_address[w488900 3] _
2025-04-21T03:03:41.5908950Z [gw0] win32 -- Python 3.13.1 C:\Python313\python.exe
2025-04-21T03:03:41.5909476Z tests\test_create_orders\test_create_orders_from_cart_open\test_26668__basket_creation_of_kp_ridan_pto_delivery_to_specified_address.py:130: in test_26668_basket_creation_of_kp_ridan_pto_delivery_to_specified_address
2025-04-21T03:03:41.5909990Z     page.go_to_pq_by_number_in_new_tab(created_num_pq)
2025-04-21T03:03:41.5910301Z crm_pages\search_pq_page\search_pq_page.py:77: in go_to_pq_by_number_in_new_tab
2025-04-21T03:03:41.5910654Z     self.waiting_present_element(PqPageLocators.LOCATOR_HEADER_KP, sec=90)
2025-04-21T03:03:41.5910952Z base_page\base_page.py:312: in waiting_present_element
2025-04-21T03:03:41.5911315Z     wait.until(EC.presence_of_element_located(locator), message=f'   {locator}')
2025-04-21T03:03:41.5911749Z C:\Users\S0028\AppData\Roaming\Python\Python313\site-packages\selenium\webdriver\support\wait.py:105: in until
2025-04-21T03:03:41.5912123Z     raise TimeoutException(message, screen, stacktrace)
2025-04-21T03:03:41.5912512Z E   selenium.common.exceptions.TimeoutException: Message:    ('xpath', "//small[text()='']")
2025-04-21T03:03:41.5912848Z E   Stacktrace:
2025-04-21T03:03:41.5913064Z E   	GetHandleVerifier [0x00007FF712A65355+78597]
2025-04-21T03:03:41.5913326Z E   	GetHandleVerifier [0x00007FF712A653B0+78688]
2025-04-21T03:03:41.5913559Z E   	(No symbol) [0x00007FF7128191AA]
2025-04-21T03:03:41.5913779Z E   	(No symbol) [0x00007FF71286F149]
2025-04-21T03:03:41.5914011Z E   	(No symbol) [0x00007FF71286F3FC]
2025-04-21T03:03:41.5914230Z E   	(No symbol) [0x00007FF7128C2467]
2025-04-21T03:03:41.5914457Z E   	(No symbol) [0x00007FF71289712F]
2025-04-21T03:03:41.5914682Z E   	(No symbol) [0x00007FF7128BF2BB]
2025-04-21T03:03:41.5914901Z E   	(No symbol) [0x00007FF712896EC3]
2025-04-21T03:03:41.5915132Z E   	(No symbol) [0x00007FF7128603F8]
2025-04-21T03:03:41.5915350Z E   	(No symbol) [0x00007FF712861163]
2025-04-21T03:03:41.5915599Z E   	GetHandleVerifier [0x00007FF712D0EF0D+2870973]
2025-04-21T03:03:41.5915857Z E   	GetHandleVerifier [0x00007FF712D096B8+2848360]
2025-04-21T03:03:41.5916111Z E   	GetHandleVerifier [0x00007FF712D26993+2967875]
2025-04-21T03:03:41.5916374Z E   	GetHandleVerifier [0x00007FF712A8019A+188746]
2025-04-21T03:03:41.5916623Z E   	GetHandleVerifier [0x00007FF712A8847F+222255]
2025-04-21T03:03:41.5916886Z E   	GetHandleVerifier [0x00007FF712A6D2D4+111236]
2025-04-21T03:03:41.5917137Z E   	GetHandleVerifier [0x00007FF712A6D482+111666]
2025-04-21T03:03:41.5917384Z E   	GetHandleVerifier [0x00007FF712A535A9+5465]
2025-04-21T03:03:41.5917644Z E   	BaseThreadInitThunk [0x00007FFCDC097AC4+20]
2025-04-21T03:03:41.5917889Z E   	RtlUserThreadStart [0x00007FFCDC94A4E1+33]
2025-04-21T03:03:41.5918241Z _ test_50831_margin_color_indicators_in_kp[065B3050R 003Z1161R 003G1003R w488900] _
2025-04-21T03:03:41.5918545Z [gw1] win32 -- Python 3.13.1 C:\Python313\python.exe
2025-04-21T03:03:41.5918925Z tests\test_OneCRM\test_50831_margin_color_indicators_in_kp.py:171: in test_50831_margin_color_indicators_in_kp
2025-04-21T03:03:41.5919320Z     page_margin_targets.activate_drop_list_gcm()
2025-04-21T03:03:41.5919634Z crm_pages\margin_targets_page\margin_targets_page.py:16: in activate_drop_list_gcm
2025-04-21T03:03:41.5920029Z     self.waiting_element_is_visibility_on_the_page(MarginTargetsLocators.LOCATOR_BTN_DROP_LIST_GCM, sec=5)
2025-04-21T03:03:41.5920392Z base_page\base_page.py:76: in waiting_element_is_visibility_on_the_page
2025-04-21T03:03:41.5920716Z     return wait.until(EC.visibility_of(self.find_element(locator)),
2025-04-21T03:03:41.5920990Z base_page\base_page.py:43: in find_element
2025-04-21T03:03:41.5921305Z     return WebDriverWait(self.driver, sec).until(EC.presence_of_element_located(locator),
2025-04-21T03:03:41.5921717Z C:\Users\S0028\AppData\Roaming\Python\Python313\site-packages\selenium\webdriver\support\wait.py:105: in until
2025-04-21T03:03:41.5922085Z     raise TimeoutException(message, screen, stacktrace)
2025-04-21T03:03:41.5922486Z E   selenium.common.exceptions.TimeoutException: Message: Can't find element by locator ('xpath', "//div[@select2='sapDiscountGroup']")
2025-04-21T03:03:41.5922824Z E   Stacktrace:
2025-04-21T03:03:41.5923053Z E   	GetHandleVerifier [0x00007FF712A65355+78597]
2025-04-21T03:03:41.5923302Z E   	GetHandleVerifier [0x00007FF712A653B0+78688]
2025-04-21T03:03:41.5923549Z E   	(No symbol) [0x00007FF7128191AA]
2025-04-21T03:03:41.5923768Z E   	(No symbol) [0x00007FF71286F149]
2025-04-21T03:03:41.5923987Z E   	(No symbol) [0x00007FF71286F3FC]
2025-04-21T03:03:41.5924216Z E   	(No symbol) [0x00007FF7128C2467]
2025-04-21T03:03:41.5924436Z E   	(No symbol) [0x00007FF71289712F]
2025-04-21T03:03:41.5924669Z E   	(No symbol) [0x00007FF7128BF2BB]
2025-04-21T03:03:41.5924887Z E   	(No symbol) [0x00007FF712896EC3]
2025-04-21T03:03:41.5925106Z E   	(No symbol) [0x00007FF7128603F8]
2025-04-21T03:03:41.5925338Z E   	(No symbol) [0x00007FF712861163]
2025-04-21T03:03:41.5925575Z E   	GetHandleVerifier [0x00007FF712D0EF0D+2870973]
2025-04-21T03:03:41.5925845Z E   	GetHandleVerifier [0x00007FF712D096B8+2848360]
2025-04-21T03:03:41.5926097Z E   	GetHandleVerifier [0x00007FF712D26993+2967875]
2025-04-21T03:03:41.5926348Z E   	GetHandleVerifier [0x00007FF712A8019A+188746]
2025-04-21T03:03:41.5926610Z E   	GetHandleVerifier [0x00007FF712A8847F+222255]
2025-04-21T03:03:41.5926860Z E   	GetHandleVerifier [0x00007FF712A6D2D4+111236]
2025-04-21T03:03:41.5927123Z E   	GetHandleVerifier [0x00007FF712A6D482+111666]
2025-04-21T03:03:41.5927369Z E   	GetHandleVerifier [0x00007FF712A535A9+5465]
2025-04-21T03:03:41.5927627Z E   	BaseThreadInitThunk [0x00007FFCDC097AC4+20]
2025-04-21T03:03:41.5927872Z E   	RtlUserThreadStart [0x00007FFCDC94A4E1+33]
2025-04-21T03:03:41.5928209Z _ test_26796_creation_of_design_conditions_for_materials_and_pto_standard_contractual_terms[003L0145R 10 w488900 2] _
2025-04-21T03:03:41.5928569Z [gw0] win32 -- Python 3.13.1 C:\Python313\python.exe
2025-04-21T03:03:41.5929145Z tests\test_create_orders\test_create_orders_from_cart_open\test_26796_creation_of_design_conditions_for_materials_and_pto_standard_contractual_terms.py:79: in test_26796_creation_of_design_conditions_for_materials_and_pto_standard_contractual_terms
2025-04-21T03:03:41.5929681Z     page.click_button_confirm()
2025-04-21T03:03:41.5929985Z open_pages\new_design_condition\new_design_condition_page.py:148: in click_button_confirm
2025-04-21T03:03:41.5930398Z     self.waiting_element_is_visibility_located_dom(NewDesignConditionLocators.LOCATOR_H3_PLACED_AN_ORDER, 60)
2025-04-21T03:03:41.5930760Z base_page\base_page.py:83: in waiting_element_is_visibility_located_dom
2025-04-21T03:03:41.5931074Z     return wait.until(EC.presence_of_element_located(locator),
2025-04-21T03:03:41.5931504Z C:\Users\S0028\AppData\Roaming\Python\Python313\site-packages\selenium\webdriver\support\wait.py:105: in until
2025-04-21T03:03:41.5931883Z     raise TimeoutException(message, screen, stacktrace)
2025-04-21T03:03:41.5932321Z E   selenium.common.exceptions.TimeoutException: Message: ('xpath', "//h3[text()='  ']")     DOM- 
2025-04-21T03:03:41.5932740Z E   Stacktrace:
2025-04-21T03:03:41.5932954Z E   	GetHandleVerifier [0x00007FF712A65355+78597]
2025-04-21T03:03:41.5933202Z E   	GetHandleVerifier [0x00007FF712A653B0+78688]
2025-04-21T03:03:41.5933448Z E   	(No symbol) [0x00007FF7128191AA]
2025-04-21T03:03:41.5933667Z E   	(No symbol) [0x00007FF71286F149]
2025-04-21T03:03:41.5933897Z E   	(No symbol) [0x00007FF71286F3FC]
2025-04-21T03:03:41.5934116Z E   	(No symbol) [0x00007FF7128C2467]
2025-04-21T03:03:41.5934336Z E   	(No symbol) [0x00007FF71289712F]
2025-04-21T03:03:41.5934566Z E   	(No symbol) [0x00007FF7128BF2BB]
2025-04-21T03:03:41.5934793Z E   	(No symbol) [0x00007FF712896EC3]
2025-04-21T03:03:41.5935023Z E   	(No symbol) [0x00007FF7128603F8]
2025-04-21T03:03:41.5935243Z E   	(No symbol) [0x00007FF712861163]
2025-04-21T03:03:41.5935478Z E   	GetHandleVerifier [0x00007FF712D0EF0D+2870973]
2025-04-21T03:03:41.5935751Z E   	GetHandleVerifier [0x00007FF712D096B8+2848360]
2025-04-21T03:03:41.5936004Z E   	GetHandleVerifier [0x00007FF712D26993+2967875]
2025-04-21T03:03:41.5936271Z E   	GetHandleVerifier [0x00007FF712A8019A+188746]
2025-04-21T03:03:41.5936520Z E   	GetHandleVerifier [0x00007FF712A8847F+222255]
2025-04-21T03:03:41.5936772Z E   	GetHandleVerifier [0x00007FF712A6D2D4+111236]
2025-04-21T03:03:41.5937036Z E   	GetHandleVerifier [0x00007FF712A6D482+111666]
2025-04-21T03:03:41.5937285Z E   	GetHandleVerifier [0x00007FF712A535A9+5465]
2025-04-21T03:03:41.5937543Z E   	BaseThreadInitThunk [0x00007FFCDC097AC4+20]
2025-04-21T03:03:41.5937785Z E   	RtlUserThreadStart [0x00007FFCDC94A4E1+33]
2025-04-21T03:03:41.5938134Z _ test_40405_cart_materials_creating_a_design_condition_in_open_changing_conditions_in_crm[003L0145R 10 003L0143 25] _
2025-04-21T03:03:41.5938651Z [gw0] win32 -- Python 3.13.1 C:\Python313\python.exe
2025-04-21T03:03:41.5939235Z tests\test_create_orders\test_create_orders_from_cart_open\test_40405_cart_materials_creating_a_design_condition_in_open_changing_conditions_in_crm.py:76: in test_40405_cart_materials_creating_a_design_condition_in_open_changing_conditions_in_crm
2025-04-21T03:03:41.5939786Z     page.click_button_confirm()
2025-04-21T03:03:41.5940098Z open_pages\new_design_condition\new_design_condition_page.py:148: in click_button_confirm
2025-04-21T03:03:41.5940525Z     self.waiting_element_is_visibility_located_dom(NewDesignConditionLocators.LOCATOR_H3_PLACED_AN_ORDER, 60)
2025-04-21T03:03:41.5940891Z base_page\base_page.py:83: in waiting_element_is_visibility_located_dom
2025-04-21T03:03:41.5941215Z     return wait.until(EC.presence_of_element_located(locator),
2025-04-21T03:03:41.5941607Z C:\Users\S0028\AppData\Roaming\Python\Python313\site-packages\selenium\webdriver\support\wait.py:105: in until
2025-04-21T03:03:41.5941998Z     raise TimeoutException(message, screen, stacktrace)
2025-04-21T03:03:41.5942446Z E   selenium.common.exceptions.TimeoutException: Message: ('xpath', "//h3[text()='  ']")     DOM- 
2025-04-21T03:03:41.5942831Z E   Stacktrace:
2025-04-21T03:03:41.5943055Z E   	GetHandleVerifier [0x00007FF712A65355+78597]
2025-04-21T03:03:41.5943326Z E   	GetHandleVerifier [0x00007FF712A653B0+78688]
2025-04-21T03:03:41.5943567Z E   	(No symbol) [0x00007FF7128191AA]
2025-04-21T03:03:41.5943795Z E   	(No symbol) [0x00007FF71286F149]
2025-04-21T03:03:41.5944034Z E   	(No symbol) [0x00007FF71286F3FC]
2025-04-21T03:03:41.5944259Z E   	(No symbol) [0x00007FF7128C2467]
2025-04-21T03:03:41.5944499Z E   	(No symbol) [0x00007FF71289712F]
2025-04-21T03:03:41.5944726Z E   	(No symbol) [0x00007FF7128BF2BB]
2025-04-21T03:03:41.5945001Z E   	(No symbol) [0x00007FF712896EC3]
2025-04-21T03:03:41.5945241Z E   	(No symbol) [0x00007FF7128603F8]
2025-04-21T03:03:41.5945468Z E   	(No symbol) [0x00007FF712861163]
2025-04-21T03:03:41.5945721Z E   	GetHandleVerifier [0x00007FF712D0EF0D+2870973]
2025-04-21T03:03:41.5945981Z E   	GetHandleVerifier [0x00007FF712D096B8+2848360]
2025-04-21T03:03:41.5946291Z E   	GetHandleVerifier [0x00007FF712D26993+2967875]
2025-04-21T03:03:41.5946565Z E   	GetHandleVerifier [0x00007FF712A8019A+188746]
2025-04-21T03:03:41.5946820Z E   	GetHandleVerifier [0x00007FF712A8847F+222255]
2025-04-21T03:03:41.5947092Z E   	GetHandleVerifier [0x00007FF712A6D2D4+111236]
2025-04-21T03:03:41.5947350Z E   	GetHandleVerifier [0x00007FF712A6D482+111666]
2025-04-21T03:03:41.5947606Z E   	GetHandleVerifier [0x00007FF712A535A9+5465]
2025-04-21T03:03:41.5947874Z E   	BaseThreadInitThunk [0x00007FFCDC097AC4+20]
2025-04-21T03:03:41.5948127Z E   	RtlUserThreadStart [0x00007FFCDC94A4E1+33]
2025-04-21T03:03:41.5948439Z ____ test_25686_coordination_of_cp[065B8307R 003L0145R 003L0145R w488900] _____
2025-04-21T03:03:41.5948752Z [gw0] win32 -- Python 3.13.1 C:\Python313\python.exe
2025-04-21T03:03:41.5949168Z tests\test_create_orders\test_create_orders_from_pq\test_25686_coordination_of_cp.py:111: in test_25686_coordination_of_cp
2025-04-21T03:03:41.5949535Z     page.agreement_on_all_conditions()
2025-04-21T03:03:41.5949808Z crm_pages\pq_page\pq_page.py:53: in agreement_on_all_conditions
2025-04-21T03:03:41.5950085Z     self.change_for_yourself()
2025-04-21T03:03:41.5950437Z base_page\base_page.py:417: in change_for_yourself
2025-04-21T03:03:41.5950697Z     self.click_button_testing_tools()
2025-04-21T03:03:41.5950954Z base_page\base_page.py:335: in click_button_testing_tools
2025-04-21T03:03:41.5951279Z     self.waiting_element_is_visibility_located_dom(BaseCrmLocators.LOCATOR_H4_TESTING_TOOLS)
2025-04-21T03:03:41.5951632Z base_page\base_page.py:83: in waiting_element_is_visibility_located_dom
2025-04-21T03:03:41.5951938Z     return wait.until(EC.presence_of_element_located(locator),
2025-04-21T03:03:41.5952328Z C:\Users\S0028\AppData\Roaming\Python\Python313\site-packages\selenium\webdriver\support\wait.py:105: in until
2025-04-21T03:03:41.5952693Z     raise TimeoutException(message, screen, stacktrace)
2025-04-21T03:03:41.5953138Z E   selenium.common.exceptions.TimeoutException: Message: ('xpath', "//h4[text()=' ']")     DOM- 
2025-04-21T03:03:41.5953493Z E   Stacktrace:
2025-04-21T03:03:41.5953709Z E   	GetHandleVerifier [0x00007FF712A65355+78597]
2025-04-21T03:03:41.5953974Z E   	GetHandleVerifier [0x00007FF712A653B0+78688]
2025-04-21T03:03:41.5954207Z E   	(No symbol) [0x00007FF7128191AA]
2025-04-21T03:03:41.5954441Z E   	(No symbol) [0x00007FF71286F149]
2025-04-21T03:03:41.5954660Z E   	(No symbol) [0x00007FF71286F3FC]
2025-04-21T03:03:41.5954891Z E   	(No symbol) [0x00007FF7128C2467]
2025-04-21T03:03:41.5955109Z E   	(No symbol) [0x00007FF71289712F]
2025-04-21T03:03:41.5955336Z E   	(No symbol) [0x00007FF7128BF2BB]
2025-04-21T03:03:41.5955567Z E   	(No symbol) [0x00007FF712896EC3]
2025-04-21T03:03:41.5955786Z E   	(No symbol) [0x00007FF7128603F8]
2025-04-21T03:03:41.5956016Z E   	(No symbol) [0x00007FF712861163]
2025-04-21T03:03:41.5956250Z E   	GetHandleVerifier [0x00007FF712D0EF0D+2870973]
2025-04-21T03:03:41.5956511Z E   	GetHandleVerifier [0x00007FF712D096B8+2848360]
2025-04-21T03:03:41.5956774Z E   	GetHandleVerifier [0x00007FF712D26993+2967875]
2025-04-21T03:03:41.5957027Z E   	GetHandleVerifier [0x00007FF712A8019A+188746]
2025-04-21T03:03:41.5957290Z E   	GetHandleVerifier [0x00007FF712A8847F+222255]
2025-04-21T03:03:41.5957540Z E   	GetHandleVerifier [0x00007FF712A6D2D4+111236]
2025-04-21T03:03:41.5957793Z E   	GetHandleVerifier [0x00007FF712A6D482+111666]
2025-04-21T03:03:41.5958056Z E   	GetHandleVerifier [0x00007FF712A535A9+5465]
2025-04-21T03:03:41.5958304Z E   	BaseThreadInitThunk [0x00007FFCDC097AC4+20]
2025-04-21T03:03:41.5958611Z E   	RtlUserThreadStart [0x00007FFCDC94A4E1+33]
2025-04-21T03:03:41.5958896Z ____________________________ test_clever_desk_open ____________________________
2025-04-21T03:03:41.5959197Z [gw1] win32 -- Python 3.13.1 C:\Python313\python.exe
2025-04-21T03:03:41.5959533Z tests\test_open_only\test_40420_cleverdesk_open.py:38: in test_clever_desk_open
2025-04-21T03:03:41.5959869Z     page.click_btn_replacement()
2025-04-21T03:03:41.5960202Z open_pages\selection_online_tools_all\clever_desk\clever_desk_page.py:60: in click_btn_replacement
2025-04-21T03:03:41.5961107Z     self.waiting_element_is_visibility_on_the_page(CleverDeskLocators.LOCATOR_DOWNLOAD_RESULT)
2025-04-21T03:03:41.5961507Z base_page\base_page.py:76: in waiting_element_is_visibility_on_the_page
2025-04-21T03:03:41.5961829Z     return wait.until(EC.visibility_of(self.find_element(locator)),
2025-04-21T03:03:41.5962109Z base_page\base_page.py:43: in find_element
2025-04-21T03:03:41.5962437Z     return WebDriverWait(self.driver, sec).until(EC.presence_of_element_located(locator),
2025-04-21T03:03:41.5962866Z C:\Users\S0028\AppData\Roaming\Python\Python313\site-packages\selenium\webdriver\support\wait.py:105: in until
2025-04-21T03:03:41.5963255Z     raise TimeoutException(message, screen, stacktrace)
2025-04-21T03:03:41.5963660Z E   selenium.common.exceptions.TimeoutException: Message: Can't find element by locator ('xpath', "(//a[@id='cleverdesk-success-link'])[2]")
2025-04-21T03:03:41.5964033Z E   Stacktrace:
2025-04-21T03:03:41.5964256Z E   	GetHandleVerifier [0x00007FF712A65355+78597]
2025-04-21T03:03:41.5964515Z E   	GetHandleVerifier [0x00007FF712A653B0+78688]
2025-04-21T03:03:41.5964770Z E   	(No symbol) [0x00007FF7128191AA]
2025-04-21T03:03:41.5964998Z E   	(No symbol) [0x00007FF71286F149]
2025-04-21T03:03:41.5965235Z E   	(No symbol) [0x00007FF71286F3FC]
2025-04-21T03:03:41.5965462Z E   	(No symbol) [0x00007FF7128C2467]
2025-04-21T03:03:41.5965688Z E   	(No symbol) [0x00007FF71289712F]
2025-04-21T03:03:41.5965929Z E   	(No symbol) [0x00007FF7128BF2BB]
2025-04-21T03:03:41.5966155Z E   	(No symbol) [0x00007FF712896EC3]
2025-04-21T03:03:41.5966394Z E   	(No symbol) [0x00007FF7128603F8]
2025-04-21T03:03:41.5966620Z E   	(No symbol) [0x00007FF712861163]
2025-04-21T03:03:41.5966877Z E   	GetHandleVerifier [0x00007FF712D0EF0D+2870973]
2025-04-21T03:03:41.5967142Z E   	GetHandleVerifier [0x00007FF712D096B8+2848360]
2025-04-21T03:03:41.5967401Z E   	GetHandleVerifier [0x00007FF712D26993+2967875]
2025-04-21T03:03:41.5967672Z E   	GetHandleVerifier [0x00007FF712A8019A+188746]
2025-04-21T03:03:41.5967930Z E   	GetHandleVerifier [0x00007FF712A8847F+222255]
2025-04-21T03:03:41.5968199Z E   	GetHandleVerifier [0x00007FF712A6D2D4+111236]
2025-04-21T03:03:41.5968456Z E   	GetHandleVerifier [0x00007FF712A6D482+111666]
2025-04-21T03:03:41.5968710Z E   	GetHandleVerifier [0x00007FF712A535A9+5465]
2025-04-21T03:03:41.5968975Z E   	BaseThreadInitThunk [0x00007FFCDC097AC4+20]
2025-04-21T03:03:41.5969230Z E   	RtlUserThreadStart [0x00007FFCDC94A4E1+33]
2025-04-21T03:03:41.5969537Z _ test_41783_checking_alert_when_creating_an_order_from_open_cart[003L0145R 10] _
2025-04-21T03:03:41.5969849Z [gw1] win32 -- Python 3.13.1 C:\Python313\python.exe
2025-04-21T03:03:41.5970333Z tests\test_open_only\tests_notifications\test_41783_checking_alert_when_creating_an_order_from_open_cart.py:58: in test_41783_checking_alert_when_creating_an_order_from_open_cart
2025-04-21T03:03:41.5970787Z     page.choice_check_box_orders()
2025-04-21T03:03:41.5971092Z open_pages\notifications_page\notifications_page.py:18: in choice_check_box_orders
2025-04-21T03:03:41.5971503Z     self.waiting_element_is_visibility_located_dom(NotificationsPageLocators.LOCATOR_CHECK_BOX_ORDERS, sec=30)
2025-04-21T03:03:41.5971876Z base_page\base_page.py:83: in waiting_element_is_visibility_located_dom
2025-04-21T03:03:41.5972201Z     return wait.until(EC.presence_of_element_located(locator),
2025-04-21T03:03:41.5972597Z C:\Users\S0028\AppData\Roaming\Python\Python313\site-packages\selenium\webdriver\support\wait.py:105: in until
2025-04-21T03:03:41.5973077Z     raise TimeoutException(message, screen, stacktrace)
2025-04-21T03:03:41.5973612Z E   selenium.common.exceptions.TimeoutException: Message: ('xpath', "//div[@class='border rounded p-4 d-none d-md-block position-sticky notifi-sidebar']//input[@name='OrdersAndAccounts']")     DOM- 
2025-04-21T03:03:41.5974145Z E   Stacktrace:
2025-04-21T03:03:41.5974370Z E   	GetHandleVerifier [0x00007FF712A65355+78597]
2025-04-21T03:03:41.5974632Z E   	GetHandleVerifier [0x00007FF712A653B0+78688]
2025-04-21T03:03:41.5974893Z E   	(No symbol) [0x00007FF7128191AA]
2025-04-21T03:03:41.5975121Z E   	(No symbol) [0x00007FF71286F149]
2025-04-21T03:03:41.5975362Z E   	(No symbol) [0x00007FF71286F3FC]
2025-04-21T03:03:41.5975589Z E   	(No symbol) [0x00007FF7128C2467]
2025-04-21T03:03:41.5975855Z E   	(No symbol) [0x00007FF71289712F]
2025-04-21T03:03:41.5976083Z E   	(No symbol) [0x00007FF7128BF2BB]
2025-04-21T03:03:41.5976317Z E   	(No symbol) [0x00007FF712896EC3]
2025-04-21T03:03:41.5976556Z E   	(No symbol) [0x00007FF7128603F8]
2025-04-21T03:03:41.5976782Z E   	(No symbol) [0x00007FF712861163]
2025-04-21T03:03:41.5977041Z E   	GetHandleVerifier [0x00007FF712D0EF0D+2870973]
2025-04-21T03:03:41.5977304Z E   	GetHandleVerifier [0x00007FF712D096B8+2848360]
2025-04-21T03:03:41.5977569Z E   	GetHandleVerifier [0x00007FF712D26993+2967875]
2025-04-21T03:03:41.5977844Z E   	GetHandleVerifier [0x00007FF712A8019A+188746]
2025-04-21T03:03:41.5978100Z E   	GetHandleVerifier [0x00007FF712A8847F+222255]
2025-04-21T03:03:41.5978372Z E   	GetHandleVerifier [0x00007FF712A6D2D4+111236]
2025-04-21T03:03:41.5978632Z E   	GetHandleVerifier [0x00007FF712A6D482+111666]
2025-04-21T03:03:41.5978889Z E   	GetHandleVerifier [0x00007FF712A535A9+5465]
2025-04-21T03:03:41.5979157Z E   	BaseThreadInitThunk [0x00007FFCDC097AC4+20]
2025-04-21T03:03:41.5979411Z E   	RtlUserThreadStart [0x00007FFCDC94A4E1+33]
2025-04-21T03:03:41.5979769Z _ test_45182_kp_materials_bast_pto_credit_delivery_to_specified_address[003L0391R 100 BAST0404241646 1 w488900 2] _
2025-04-21T03:03:41.5980126Z [gw0] win32 -- Python 3.13.1 C:\Python313\python.exe
2025-04-21T03:03:41.5980661Z tests\test_create_orders\test_create_orders_from_pq\test_45182_kp_materials_bast_pto_credit_delivery_to_specified_address.py:159: in test_45182_kp_materials_bast_pto_credit_delivery_to_specified_address
2025-04-21T03:03:41.5981215Z     assert count_article_all_lines_on_confirmation_page == sorted(count_for_entering_article), \
2025-04-21T03:03:41.5981695Z E   AssertionError:      - ['1', '10', '50']    - ['60', '1']
2025-04-21T03:03:41.5982081Z E   assert ['1', '10', '50'] == ['1', '60']
2025-04-21T03:03:41.5982291Z E     
2025-04-21T03:03:41.5982661Z E     At index 1 diff: [0m[33m'[39;49;00m[33m10[39;49;00m[33m'[39;49;00m[90m[39;49;00m != [0m[33m'[39;49;00m[33m60[39;49;00m[33m'[39;49;00m[90m[39;49;00m
2025-04-21T03:03:41.5985398Z E     Left contains one more item: [0m[33m'[39;49;00m[33m50[39;49;00m[33m'[39;49;00m[90m[39;49;00m
2025-04-21T03:03:41.5985731Z E     
2025-04-21T03:03:41.5985902Z E     Full diff:
2025-04-21T03:03:41.5986136Z E     [0m[90m [39;49;00m [[90m[39;49;00m
2025-04-21T03:03:41.5986403Z E     [90m [39;49;00m     '1',[90m[39;49;00m
2025-04-21T03:03:41.5986660Z E     [91m-     '60',[39;49;00m[90m[39;49;00m
2025-04-21T03:03:41.5986905Z E     ?      ^[90m[39;49;00m
2025-04-21T03:03:41.5987139Z E     [92m+     '10',[39;49;00m[90m[39;49;00m
2025-04-21T03:03:41.5987385Z E     ?      ^[90m[39;49;00m
2025-04-21T03:03:41.5987619Z E     [92m+     '50',[39;49;00m[90m[39;49;00m
2025-04-21T03:03:41.5987878Z E     [90m [39;49;00m ][90m[39;49;00m
2025-04-21T03:03:41.5988166Z ============================== warnings summary ===============================
2025-04-21T03:03:41.5988570Z tms_pages\register_of_applications_for_packaging_pages\register_of_applications_for_packaging_page.py:190
2025-04-21T03:03:41.5989258Z tms_pages\register_of_applications_for_packaging_pages\register_of_applications_for_packaging_page.py:190
2025-04-21T03:03:41.5989883Z   E:\agents\agent-monitoring\_work\r41\a\Tests\tms_pages\register_of_applications_for_packaging_pages\register_of_applications_for_packaging_page.py:190: SyntaxWarning: invalid escape sequence '\('
2025-04-21T03:03:41.5990460Z     f'\({carrier_information})'
2025-04-21T03:03:41.5990573Z 
2025-04-21T03:03:41.5990867Z C:\Users\S0028\AppData\Roaming\Python\Python313\site-packages\pydantic\fields.py:826: 14 warnings
2025-04-21T03:03:41.5991777Z   C:\Users\S0028\AppData\Roaming\Python\Python313\site-packages\pydantic\fields.py:826: PydanticDeprecatedSince20: Using extra keyword arguments on `Field` is deprecated and will be removed. Use `json_schema_extra` instead. (Extra keys: 'read_only'). Deprecated in Pydantic V2.0 to be removed in V3.0. See Pydantic V2 Migration Guide at https://errors.pydantic.dev/2.9/migration/
2025-04-21T03:03:41.5992542Z     warn(
2025-04-21T03:03:41.5992627Z 
2025-04-21T03:03:41.5992923Z C:\Users\S0028\AppData\Roaming\Python\Python313\site-packages\pydantic\_internal\_config.py:291
2025-04-21T03:03:41.5993379Z C:\Users\S0028\AppData\Roaming\Python\Python313\site-packages\pydantic\_internal\_config.py:291
2025-04-21T03:03:41.5994196Z   C:\Users\S0028\AppData\Roaming\Python\Python313\site-packages\pydantic\_internal\_config.py:291: PydanticDeprecatedSince20: Support for class-based `config` is deprecated, use ConfigDict instead. Deprecated in Pydantic V2.0 to be removed in V3.0. See Pydantic V2 Migration Guide at https://errors.pydantic.dev/2.9/migration/
2025-04-21T03:03:41.5994931Z     warnings.warn(DEPRECATION_MESSAGE, DeprecationWarning)
2025-04-21T03:03:41.5995077Z 
2025-04-21T03:03:41.5995468Z tests/test_OneCRM/test_50786_margin_reconciliation_appears_after_cost_price_update.py::test_50786_margin_reconciliation_appears_after_cost_price_update[003L0144R 003L0146R]@crm
2025-04-21T03:03:41.5996117Z tests/test_OneCRM/test_50824_creation_of_cp_with_secure_settlement_for_settlement_owner.py::test_50824_creation_of_cp_with_secure_settlement_for_settlement_owner[w204010133]@crm
2025-04-21T03:03:41.5996700Z tests/test_OneCRM/test_50831_margin_color_indicators_in_kp.py::test_50831_margin_color_indicators_in_kp[065B3050R 003Z1161R 003G1003R w488900]
2025-04-21T03:03:41.5997242Z tests/test_OneCRM/test_50831_margin_color_indicators_in_kp.py::test_50831_margin_color_indicators_in_kp[065B3050R 003Z1161R 003G1003R w488900]
2025-04-21T03:03:41.5998098Z   C:\Users\S0028\AppData\Roaming\Python\Python313\site-packages\urllib3\connectionpool.py:1099: InsecureRequestWarning: Unverified HTTPS request is being made to host 'ruecom-intru-tst.ridancorp.net'. Adding certificate verification is strongly advised. See: https://urllib3.readthedocs.io/en/latest/advanced-usage.html#tls-warnings
2025-04-21T03:03:41.5998783Z     warnings.warn(
2025-04-21T03:03:41.5998880Z 
2025-04-21T03:03:41.5999159Z tests/test_open_only/test_prod_smoke.py::test_check_link_page[https://ridan.ru]@1
2025-04-21T03:03:41.6000160Z   C:\Users\S0028\AppData\Roaming\Python\Python313\site-packages\urllib3\connectionpool.py:1099: InsecureRequestWarning: Unverified HTTPS request is being made to host 'ridan.ru'. Adding certificate verification is strongly advised. See: https://urllib3.readthedocs.io/en/latest/advanced-usage.html#tls-warnings
2025-04-21T03:03:41.6000810Z     warnings.warn(
2025-04-21T03:03:41.6000905Z 
2025-04-21T03:03:41.6001183Z tests/test_open_only/test_open_links.py::test_open_links[https://ruecom-open-tst1.ridancorp.net]
2025-04-21T03:03:41.6002004Z   C:\Users\S0028\AppData\Roaming\Python\Python313\site-packages\urllib3\connectionpool.py:1099: InsecureRequestWarning: Unverified HTTPS request is being made to host 'ruecom-open-tst1.ridancorp.net'. Adding certificate verification is strongly advised. See: https://urllib3.readthedocs.io/en/latest/advanced-usage.html#tls-warnings
2025-04-21T03:03:41.6002749Z     warnings.warn(
2025-04-21T03:03:41.6002844Z 
2025-04-21T03:03:41.6003081Z -- Docs: https://docs.pytest.org/en/stable/how-to/capture-warnings.html
2025-04-21T03:03:41.6003452Z - generated Nunit xml file: E:\agents\agent-monitoring\_work\r41\a\Tests\test-output.xml -
2025-04-21T03:03:41.6003841Z - generated xml file: E:\agents\agent-monitoring\_work\r41\a\Tests\junit\test-results.xml -
2025-04-21T03:03:41.6004267Z =========================== short test summary info ===========================
2025-04-21T03:03:41.6004818Z SKIPPED [1] tests\test_create_orders\test_create_orders_from_cart_open\test_27636_basket_materials_order_of_indirect_customer_dol.py:17:  ,   
2025-04-21T03:03:41.6005577Z SKIPPED [1] tests\test_create_orders\test_create_orders_from_cart_open\test_40937_cart_bom_pickup.py:17:            
2025-04-21T03:03:41.6006140Z SKIPPED [1] tests\test_open_only\test_prod_smoke.py:319:    
2025-04-21T03:03:41.6006578Z SKIPPED [1] tests\test_31664_transfer_of_the_credit_account_in_1c.py:626:  
2025-04-21T03:03:41.6007013Z SKIPPED [1] tests\test_checking_limits_and_availability.py:15:     
2025-04-21T03:03:41.6007648Z SKIPPED [1] tests\test_open_only\online_selection\test_39723_ppto_configurator_evaporator.py:65:              0.    .
2025-04-21T03:03:41.6008400Z SKIPPED [1] tests\test_open_only\online_selection\test_39723_ppto_configurator_evaporator.py:80:              0.    .
2025-04-21T03:03:41.6009071Z SKIPPED [1] tests\test_open_only\online_selection\test_40198_selection_bhu.py:141:  ,       test_prod_smoke.py
2025-04-21T03:03:41.6009827Z SKIPPED [1] tests\test_open_only\test_40436_product_search_in_open.py:26:   tests.test_open_only.test_35140_personal_area_end_user.test_open_links  tests.test_open_only.test_35139_personal_area_distr.test_open_links.   
2025-04-21T03:03:41.6010893Z XFAIL tests/tests_rol/test_rol_from_open/test_43782_checking_distributor_selection_on_map_not_linked_logged_in_authorized_user_legal_entity.py::test_43782_checking_distributor_selection_on_map_not_linked_logged_in_authorized_user_legal_entity[003Z1801R 003G1014R 082H0212R 087H374983R 065Z0405R 187F1946PR 087H358001R 087H358001R 187F0591R 065N9506GR 082H0222R]@open -   
2025-04-21T03:03:41.6011702Z XFAIL tests/test_open_only/test_prod_smoke.py::test_objects_application_for_fastening@1
2025-04-21T03:03:41.6012168Z XFAIL tests/test_open_only/test_27222_and_27223_new_user_registration.py::test_27222_and_27223_new_user_registration_individual -   
2025-04-21T03:03:41.6012732Z XFAIL tests/test_open_only/test_27222_and_27223_new_user_registration.py::test_27222_and_27223_new_user_registration_entity -   
2025-04-21T03:03:41.6013229Z = 12 failed, 120 passed, 9 skipped, 4 xfailed, 24 warnings, 19 rerun in 10921.74s (3:02:01) =
2025-04-21T03:03:41.6013568Z  Volume in drive E has no label.
2025-04-21T03:03:41.6013787Z  Volume Serial Number is 5CEE-C716
2025-04-21T03:03:41.6013956Z 
2025-04-21T03:03:41.6014186Z  Directory of E:\agents\agent-monitoring\_work\r41\a\Tests
2025-04-21T03:03:41.6014338Z 
2025-04-21T03:03:41.6014530Z 21.04.2025  06:03    <DIR>          .
2025-04-21T03:03:41.6014773Z 21.04.2025  06:03    <DIR>          ..
2025-04-21T03:03:41.6015037Z 21.04.2025  03:01             7610 .env
2025-04-21T03:03:41.6015295Z 21.04.2025  03:01               333 .gitignore
2025-04-21T03:03:41.6015574Z 21.04.2025  06:03    <DIR>          .pytest_cache
2025-04-21T03:03:41.6015838Z 21.04.2025  03:01             1592 1.py
2025-04-21T03:03:41.6016106Z 21.04.2025  03:01    <DIR>          allure_res
2025-04-21T03:03:41.6016436Z 21.04.2025  03:01    <DIR>          api_testing_project
2025-04-21T03:03:41.6016709Z 21.04.2025  03:01    <DIR>          base_page
2025-04-21T03:03:41.6016982Z 21.04.2025  03:01    <DIR>          chrome_driver
2025-04-21T03:03:41.6017253Z 21.04.2025  03:01             7906 config.py
2025-04-21T03:03:41.6017536Z 21.04.2025  03:01             6355 conftest.py
2025-04-21T03:03:41.6017810Z 21.04.2025  03:01             2486 cribs.txt
2025-04-21T03:03:41.6018070Z 21.04.2025  03:01    <DIR>          crm_pages
2025-04-21T03:03:41.6018340Z 21.04.2025  03:01               225 Dockerfile
2025-04-21T03:03:41.6018621Z 21.04.2025  03:01    <DIR>          files_to_upload_to_page
2025-04-21T03:03:41.6018905Z 21.04.2025  06:03    <DIR>          junit
2025-04-21T03:03:41.6019151Z 21.04.2025  03:01    <DIR>          logs
2025-04-21T03:03:41.6019407Z 21.04.2025  03:01    <DIR>          open_pages
2025-04-21T03:03:41.6019676Z 21.04.2025  03:01    <DIR>          prof
2025-04-21T03:03:41.6019925Z 21.04.2025  03:01                 0 pytest
2025-04-21T03:03:41.6020202Z 21.04.2025  03:01               435 pytest.ini
2025-04-21T03:03:41.6020468Z 21.04.2025  03:01             1934 README.md
2025-04-21T03:03:41.6020741Z 21.04.2025  03:01             1995 requirements.txt
2025-04-21T03:03:41.6021023Z 21.04.2025  03:01                22 res.txt
2025-04-21T03:03:41.6021284Z 21.04.2025  03:01    <DIR>          results
2025-04-21T03:03:41.6021558Z 21.04.2025  03:01    <DIR>          ridan_1C_pages
2025-04-21T03:03:41.6021821Z 21.04.2025  03:01               163 run.sh
2025-04-21T03:03:41.6022085Z 21.04.2025  05:44    <DIR>          screen
2025-04-21T03:03:41.6022362Z 21.04.2025  03:01             3035 send_results.py
2025-04-21T03:03:41.6022649Z 21.04.2025  06:03           354644 test-output.xml
2025-04-21T03:03:41.6022924Z 21.04.2025  03:01    <DIR>          tests
2025-04-21T03:03:41.6023178Z 21.04.2025  03:01    <DIR>          tms_pages
2025-04-21T03:03:41.6023452Z 21.04.2025  03:01    <DIR>          __pycache__
2025-04-21T03:03:41.6023715Z               15 File(s)        388735 bytes
2025-04-21T03:03:41.6023981Z               19 Dir(s)  68042248192 bytes free
2025-04-21T03:03:41.6052734Z ##[section]Async Command Start: Publish test results
2025-04-21T03:03:42.6145238Z Publishing test results to test run '26022'
2025-04-21T03:03:42.6145624Z Test results remaining: 145. Test run id: 26022
2025-04-21T03:03:43.3805062Z Published Test Run : https://rucotfs.ridancorp.net/DanfossDev/DevOps/_TestManagement/Runs?runId=26022&_a=runCharts
2025-04-21T03:03:43.4207352Z ##[section]Async Command End: Publish test results
2025-04-21T03:03:43.4208746Z ##[section]Finishing: pytest
